[2026-07-05 02:45:57] =========================================
[2026-07-05 02:45:57] 🔍 Jett's Insight 블로그 SEO QA 시작
[2026-07-05 02:45:57] =========================================
[2026-07-05 02:45:57] ❌ [SITEMAP] sitemap.xml 접근 실패 (HTTP 404)
[2026-07-05 02:45:57] ✅ QA 검사 완료

[2026-07-05 02:46:23] =========================================
[2026-07-05 02:46:23] 🔍 Jett's Insight 블로그 SEO QA 시작
[2026-07-05 02:46:23] =========================================
[2026-07-05 02:46:23] ❌ [SITEMAP] sitemap.xml 접근 실패 (HTTP 404). 메인 페이지에서 최신 글을 탐색합니다.
[2026-07-05 02:46:23] ✅ [FALLBACK] 메인 페이지에서 최신 글 발견: https://jett-1993.github.io/blog/trend/895%EC%A1%B0%EC%9D%98-%EA%B7%B8%EB%A6%BC%EC%9E%90-%EC%9D%B4%EC%9E%AC%EC%9A%A9-%EC%B5%9C%ED%83%9C%EC%9B%90%EC%97%90-%EB%8C%80%ED%95%9C-90%EB%8F%84-%EC%9D%B8%EC%82%AC%EC%9D%98-%EC%88%A8%EA%B2%A8%EC%A7%84-%EC%9D%98%EB%AF%B8%EC%99%80-%EB%AF%B8%EB%9E%98-%ED%8C%8C%EC%9E%A5-%EC%9C%A4%EC%84%9D%EC%97%B4-%EC%A0%95%EB%B6%80%EC%9D%98-%EC%9E%AC%EB%B2%8C-%ED%8A%B9%ED%98%9C-%EC%8B%A0%ED%98%B8%ED%83%84%EC%9D%B8%EA%B0%80/
[2026-07-05 02:46:23] ✅ [SEO_TITLE] 타이틀 존재: Jett의 심층 분석: 895조의 그림자, 대통령 90도 인사의 숨겨진 정치경제학적 의미와 미래 파장 예측 | Jett’s Insight
[2026-07-05 02:46:23] ✅ [SEO_META] Meta Description 존재
[2026-07-05 02:46:23] ✅ [SEO_MOBILE] Viewport 설정 확인 (모바일 친화적)
[2026-07-05 02:46:23] ✅ [SEO_CONTENT] 본문 길이 양호 (4513자)
[2026-07-05 02:46:23] ✅ [SEO_HEADING] H2 태그 4개 확인
[2026-07-05 02:46:23] ✅ [SEO_IMAGE] 모든 이미지에 ALT 태그 적용 완료
[2026-07-05 02:46:23] ✅ QA 검사 완료

[2026-07-05 02:47:00] =========================================
[2026-07-05 02:47:00] 🔍 Jett's Insight 블로그 SEO QA 시작
[2026-07-05 02:47:00] =========================================
[2026-07-05 02:47:00] ⚠️ [SEO_HEADING] H2 태그가 없습니다. 가독성 및 SEO 감점 우려
[2026-07-05 02:47:00] ✅ QA 검사 완료
[2026-07-05 04:12:10] =========================================
[2026-07-05 04:12:10] 🔍 Jett's Insight 블로그 SEO QA 시작
[2026-07-05 04:12:10] =========================================
[2026-07-05 04:12:10] ✅ [SITEMAP] sitemap.xml 정상 접근 확인
[2026-07-05 04:12:10] ✅ [SITEMAP] 최신 포스트 발견: https://jett-1993.github.io/blog/trend/895%EC%A1%B0%EC%9D%98-%EA%B7%B8%EB%A6%BC%EC%9E%90-%EC%9D%B4%EC%9E%AC%EC%9A%A9-%EC%B5%9C%ED%83%9C%EC%9B%90%EC%97%90-%EB%8C%80%ED%95%9C-90%EB%8F%84-%EC%9D%B8%EC%82%AC%EC%9D%98-%EC%88%A8%EA%B2%A8%EC%A7%84-%EC%9D%98%EB%AF%B8%EC%99%80-%EB%AF%B8%EB%9E%98-%ED%8C%8C%EC%9E%A5-%EC%9C%A4%EC%84%9D%EC%97%B4-%EC%A0%95%EB%B6%80%EC%9D%98-%EC%9E%AC%EB%B2%8C-%ED%8A%B9%ED%98%9C-%EC%8B%A0%ED%98%B8%ED%83%84%EC%9D%B8%EA%B0%80/
[2026-07-05 04:12:10] ✅ [SEO_TITLE] 타이틀 존재: 대통령 90도 인사 논란의 정치경제학적 의미와 895조 그림자의 파장 예측 | Jett’s Insight
[2026-07-05 04:12:10] ✅ [SEO_META] Meta Description 존재
[2026-07-05 04:12:10] ✅ [SEO_MOBILE] Viewport 설정 확인 (모바일 친화적)
[2026-07-05 04:12:10] ✅ [SEO_CONTENT] 본문 길이 양호 (4513자)
[2026-07-05 04:12:10] ✅ [SEO_HEADING] H2 태그 4개 확인
[2026-07-05 04:12:10] ✅ [SEO_IMAGE] 모든 이미지에 ALT 태그 적용 완료
[2026-07-05 04:12:10] ✅ QA 검사 완료

[2026-07-05 04:18:05] =========================================
[2026-07-05 04:18:05] 🔍 Jett's Insight 블로그 SEO QA 시작
[2026-07-05 04:18:05] =========================================
[2026-07-05 04:18:05] ✅ [SITEMAP] sitemap.xml 정상 접근 확인
[2026-07-05 04:18:05] ✅ [SITEMAP] 최신 포스트 발견: https://jett-1993.github.io/blog/trend/895%EC%A1%B0%EC%9D%98-%EA%B7%B8%EB%A6%BC%EC%9E%90-%EC%9D%B4%EC%9E%AC%EC%9A%A9-%EC%B5%9C%ED%83%9C%EC%9B%90%EC%97%90-%EB%8C%80%ED%95%9C-90%EB%8F%84-%EC%9D%B8%EC%82%AC%EC%9D%98-%EC%88%A8%EA%B2%A8%EC%A7%84-%EC%9D%98%EB%AF%B8%EC%99%80-%EB%AF%B8%EB%9E%98-%ED%8C%8C%EC%9E%A5-%EC%9C%A4%EC%84%9D%EC%97%B4-%EC%A0%95%EB%B6%80%EC%9D%98-%EC%9E%AC%EB%B2%8C-%ED%8A%B9%ED%98%9C-%EC%8B%A0%ED%98%B8%ED%83%84%EC%9D%B8%EA%B0%80/
[2026-07-05 04:18:05] ✅ [SEO_TITLE] 타이틀 존재: 대통령 90도 인사 논란의 정치경제학적 의미와 895조 그림자의 파장 예측 | Jett’s Insight
[2026-07-05 04:18:05] ✅ [SEO_META] Meta Description 존재
[2026-07-05 04:18:05] ✅ [SEO_MOBILE] Viewport 설정 확인 (모바일 친화적)
[2026-07-05 04:18:05] ✅ [SEO_CONTENT] 본문 길이 양호 (4513자)
[2026-07-05 04:18:05] ✅ [SEO_HEADING] H2 태그 4개 확인
[2026-07-05 04:18:05] ✅ [SEO_IMAGE] 모든 이미지에 ALT 태그 적용 완료
[2026-07-05 04:18:05] ✅ QA 검사 완료

[2026-07-05 05:12:11] =========================================
[2026-07-05 05:12:11] 🔍 Jett's Insight 블로그 SEO QA 시작
[2026-07-05 05:12:11] =========================================
[2026-07-05 05:12:11] ✅ [SITEMAP] sitemap.xml 정상 접근 확인
[2026-07-05 05:12:11] ✅ [SITEMAP] 최신 포스트 발견: https://jett-1993.github.io/blog/trend/895%EC%A1%B0%EC%9D%98-%EA%B7%B8%EB%A6%BC%EC%9E%90-%EC%9D%B4%EC%9E%AC%EC%9A%A9-%EC%B5%9C%ED%83%9C%EC%9B%90%EC%97%90-%EB%8C%80%ED%95%9C-90%EB%8F%84-%EC%9D%B8%EC%82%AC%EC%9D%98-%EC%88%A8%EA%B2%A8%EC%A7%84-%EC%9D%98%EB%AF%B8%EC%99%80-%EB%AF%B8%EB%9E%98-%ED%8C%8C%EC%9E%A5-%EC%9C%A4%EC%84%9D%EC%97%B4-%EC%A0%95%EB%B6%80%EC%9D%98-%EC%9E%AC%EB%B2%8C-%ED%8A%B9%ED%98%9C-%EC%8B%A0%ED%98%B8%ED%83%84%EC%9D%B8%EA%B0%80/
[2026-07-05 05:12:11] ✅ [SEO_TITLE] 타이틀 존재: 대통령 90도 인사 논란의 정치경제학적 의미와 895조 그림자의 파장 예측 | Jett’s Insight
[2026-07-05 05:12:11] ✅ [SEO_META] Meta Description 존재
[2026-07-05 05:12:11] ✅ [SEO_MOBILE] Viewport 설정 확인 (모바일 친화적)
[2026-07-05 05:12:11] ✅ [SEO_CONTENT] 본문 길이 양호 (4513자)
[2026-07-05 05:12:11] ✅ [SEO_HEADING] H2 태그 4개 확인
[2026-07-05 05:12:11] ✅ [SEO_IMAGE] 모든 이미지에 ALT 태그 적용 완료
[2026-07-05 05:12:11] ✅ QA 검사 완료

[2026-07-05 05:18:06] =========================================
[2026-07-05 05:18:06] 🔍 Jett's Insight 블로그 SEO QA 시작
[2026-07-05 05:18:06] =========================================
[2026-07-05 05:18:06] ✅ [SITEMAP] sitemap.xml 정상 접근 확인
[2026-07-05 05:18:06] ✅ [SITEMAP] 최신 포스트 발견: https://jett-1993.github.io/blog/trend/895%EC%A1%B0%EC%9D%98-%EA%B7%B8%EB%A6%BC%EC%9E%90-%EC%9D%B4%EC%9E%AC%EC%9A%A9-%EC%B5%9C%ED%83%9C%EC%9B%90%EC%97%90-%EB%8C%80%ED%95%9C-90%EB%8F%84-%EC%9D%B8%EC%82%AC%EC%9D%98-%EC%88%A8%EA%B2%A8%EC%A7%84-%EC%9D%98%EB%AF%B8%EC%99%80-%EB%AF%B8%EB%9E%98-%ED%8C%8C%EC%9E%A5-%EC%9C%A4%EC%84%9D%EC%97%B4-%EC%A0%95%EB%B6%80%EC%9D%98-%EC%9E%AC%EB%B2%8C-%ED%8A%B9%ED%98%9C-%EC%8B%A0%ED%98%B8%ED%83%84%EC%9D%B8%EA%B0%80/
[2026-07-05 05:18:06] ✅ [SEO_TITLE] 타이틀 존재: 대통령 90도 인사 논란의 정치경제학적 의미와 895조 그림자의 파장 예측 | Jett’s Insight
[2026-07-05 05:18:06] ✅ [SEO_META] Meta Description 존재
[2026-07-05 05:18:06] ✅ [SEO_MOBILE] Viewport 설정 확인 (모바일 친화적)
[2026-07-05 05:18:06] ✅ [SEO_CONTENT] 본문 길이 양호 (4513자)
[2026-07-05 05:18:06] ✅ [SEO_HEADING] H2 태그 4개 확인
[2026-07-05 05:18:06] ✅ [SEO_IMAGE] 모든 이미지에 ALT 태그 적용 완료
[2026-07-05 05:18:06] ✅ QA 검사 완료

[2026-07-05 06:12:12] =========================================
[2026-07-05 06:12:12] 🔍 Jett's Insight 블로그 SEO QA 시작
[2026-07-05 06:12:12] =========================================
[2026-07-05 06:12:12] ✅ [SITEMAP] sitemap.xml 정상 접근 확인
[2026-07-05 06:12:12] ✅ [SITEMAP] 최신 포스트 발견: https://jett-1993.github.io/blog/trend/895%EC%A1%B0%EC%9D%98-%EA%B7%B8%EB%A6%BC%EC%9E%90-%EC%9D%B4%EC%9E%AC%EC%9A%A9-%EC%B5%9C%ED%83%9C%EC%9B%90%EC%97%90-%EB%8C%80%ED%95%9C-90%EB%8F%84-%EC%9D%B8%EC%82%AC%EC%9D%98-%EC%88%A8%EA%B2%A8%EC%A7%84-%EC%9D%98%EB%AF%B8%EC%99%80-%EB%AF%B8%EB%9E%98-%ED%8C%8C%EC%9E%A5-%EC%9C%A4%EC%84%9D%EC%97%B4-%EC%A0%95%EB%B6%80%EC%9D%98-%EC%9E%AC%EB%B2%8C-%ED%8A%B9%ED%98%9C-%EC%8B%A0%ED%98%B8%ED%83%84%EC%9D%B8%EA%B0%80/
[2026-07-05 06:12:12] ✅ [SEO_TITLE] 타이틀 존재: 대통령 90도 인사 논란의 정치경제학적 의미와 895조 그림자의 파장 예측 | Jett’s Insight
[2026-07-05 06:12:12] ✅ [SEO_META] Meta Description 존재
[2026-07-05 06:12:12] ✅ [SEO_MOBILE] Viewport 설정 확인 (모바일 친화적)
[2026-07-05 06:12:12] ✅ [SEO_CONTENT] 본문 길이 양호 (4513자)
[2026-07-05 06:12:12] ✅ [SEO_HEADING] H2 태그 4개 확인
[2026-07-05 06:12:12] ✅ [SEO_IMAGE] 모든 이미지에 ALT 태그 적용 완료
[2026-07-05 06:12:12] ✅ QA 검사 완료

[2026-07-05 06:18:07] =========================================
[2026-07-05 06:18:07] 🔍 Jett's Insight 블로그 SEO QA 시작
[2026-07-05 06:18:07] =========================================
[2026-07-05 06:18:07] ✅ [SITEMAP] sitemap.xml 정상 접근 확인
[2026-07-05 06:18:07] ✅ [SITEMAP] 최신 포스트 발견: https://jett-1993.github.io/blog/trend/895%EC%A1%B0%EC%9D%98-%EA%B7%B8%EB%A6%BC%EC%9E%90-%EC%9D%B4%EC%9E%AC%EC%9A%A9-%EC%B5%9C%ED%83%9C%EC%9B%90%EC%97%90-%EB%8C%80%ED%95%9C-90%EB%8F%84-%EC%9D%B8%EC%82%AC%EC%9D%98-%EC%88%A8%EA%B2%A8%EC%A7%84-%EC%9D%98%EB%AF%B8%EC%99%80-%EB%AF%B8%EB%9E%98-%ED%8C%8C%EC%9E%A5-%EC%9C%A4%EC%84%9D%EC%97%B4-%EC%A0%95%EB%B6%80%EC%9D%98-%EC%9E%AC%EB%B2%8C-%ED%8A%B9%ED%98%9C-%EC%8B%A0%ED%98%B8%ED%83%84%EC%9D%B8%EA%B0%80/
[2026-07-05 06:18:07] ✅ [SEO_TITLE] 타이틀 존재: 대통령 90도 인사 논란의 정치경제학적 의미와 895조 그림자의 파장 예측 | Jett’s Insight
[2026-07-05 06:18:07] ✅ [SEO_META] Meta Description 존재
[2026-07-05 06:18:07] ✅ [SEO_MOBILE] Viewport 설정 확인 (모바일 친화적)
[2026-07-05 06:18:07] ✅ [SEO_CONTENT] 본문 길이 양호 (4513자)
[2026-07-05 06:18:07] ✅ [SEO_HEADING] H2 태그 4개 확인
[2026-07-05 06:18:07] ✅ [SEO_IMAGE] 모든 이미지에 ALT 태그 적용 완료
[2026-07-05 06:18:07] ✅ QA 검사 완료

[2026-07-05 07:12:13] =========================================
[2026-07-05 07:12:13] 🔍 Jett's Insight 블로그 SEO QA 시작
[2026-07-05 07:12:13] =========================================
[2026-07-05 07:12:13] ✅ [SITEMAP] sitemap.xml 정상 접근 확인
[2026-07-05 07:12:13] ✅ [SITEMAP] 최신 포스트 발견: https://jett-1993.github.io/blog/trend/895%EC%A1%B0%EC%9D%98-%EA%B7%B8%EB%A6%BC%EC%9E%90-%EC%9D%B4%EC%9E%AC%EC%9A%A9-%EC%B5%9C%ED%83%9C%EC%9B%90%EC%97%90-%EB%8C%80%ED%95%9C-90%EB%8F%84-%EC%9D%B8%EC%82%AC%EC%9D%98-%EC%88%A8%EA%B2%A8%EC%A7%84-%EC%9D%98%EB%AF%B8%EC%99%80-%EB%AF%B8%EB%9E%98-%ED%8C%8C%EC%9E%A5-%EC%9C%A4%EC%84%9D%EC%97%B4-%EC%A0%95%EB%B6%80%EC%9D%98-%EC%9E%AC%EB%B2%8C-%ED%8A%B9%ED%98%9C-%EC%8B%A0%ED%98%B8%ED%83%84%EC%9D%B8%EA%B0%80/
[2026-07-05 07:12:13] ✅ [SEO_TITLE] 타이틀 존재: 대통령 90도 인사 논란의 정치경제학적 의미와 895조 그림자의 파장 예측 | Jett’s Insight
[2026-07-05 07:12:13] ✅ [SEO_META] Meta Description 존재
[2026-07-05 07:12:13] ✅ [SEO_MOBILE] Viewport 설정 확인 (모바일 친화적)
[2026-07-05 07:12:13] ✅ [SEO_CONTENT] 본문 길이 양호 (4513자)
[2026-07-05 07:12:13] ✅ [SEO_HEADING] H2 태그 4개 확인
[2026-07-05 07:12:13] ✅ [SEO_IMAGE] 모든 이미지에 ALT 태그 적용 완료
[2026-07-05 07:12:13] ✅ QA 검사 완료

[2026-07-05 07:18:07] =========================================
[2026-07-05 07:18:07] 🔍 Jett's Insight 블로그 SEO QA 시작
[2026-07-05 07:18:07] =========================================
[2026-07-05 07:18:08] ✅ [SITEMAP] sitemap.xml 정상 접근 확인
[2026-07-05 07:18:08] ✅ [SITEMAP] 최신 포스트 발견: https://jett-1993.github.io/blog/trend/895%EC%A1%B0%EC%9D%98-%EA%B7%B8%EB%A6%BC%EC%9E%90-%EC%9D%B4%EC%9E%AC%EC%9A%A9-%EC%B5%9C%ED%83%9C%EC%9B%90%EC%97%90-%EB%8C%80%ED%95%9C-90%EB%8F%84-%EC%9D%B8%EC%82%AC%EC%9D%98-%EC%88%A8%EA%B2%A8%EC%A7%84-%EC%9D%98%EB%AF%B8%EC%99%80-%EB%AF%B8%EB%9E%98-%ED%8C%8C%EC%9E%A5-%EC%9C%A4%EC%84%9D%EC%97%B4-%EC%A0%95%EB%B6%80%EC%9D%98-%EC%9E%AC%EB%B2%8C-%ED%8A%B9%ED%98%9C-%EC%8B%A0%ED%98%B8%ED%83%84%EC%9D%B8%EA%B0%80/
[2026-07-05 07:18:08] ✅ [SEO_TITLE] 타이틀 존재: 대통령 90도 인사 논란의 정치경제학적 의미와 895조 그림자의 파장 예측 | Jett’s Insight
[2026-07-05 07:18:08] ✅ [SEO_META] Meta Description 존재
[2026-07-05 07:18:08] ✅ [SEO_MOBILE] Viewport 설정 확인 (모바일 친화적)
[2026-07-05 07:18:08] ✅ [SEO_CONTENT] 본문 길이 양호 (4513자)
[2026-07-05 07:18:08] ✅ [SEO_HEADING] H2 태그 4개 확인
[2026-07-05 07:18:08] ✅ [SEO_IMAGE] 모든 이미지에 ALT 태그 적용 완료
[2026-07-05 07:18:08] ✅ QA 검사 완료

[2026-07-05 08:13:01] =========================================
[2026-07-05 08:13:01] 🔍 Jett's Insight 블로그 SEO QA 시작
[2026-07-05 08:13:01] =========================================
[2026-07-05 08:13:01] ✅ [SITEMAP] sitemap.xml 정상 접근 확인
[2026-07-05 08:13:01] ✅ [SITEMAP] 최신 포스트 발견: https://jett-1993.github.io/blog/trend/%EC%97%90%EC%96%B4%EC%BB%A8-256%EB%8F%84-%EB%85%BC%EB%9E%80-%EA%B3%B5%EC%82%B0%EC%A3%BC%EC%9D%98-%EA%BC%AC%EB%A6%AC%ED%91%9C-%EB%84%88%EB%A8%B8-%EB%8B%B9%EC%8B%A0%EC%9D%98-%EC%97%AC%EB%A6%84%EA%B3%BC-%EC%A7%80%EA%B0%91%EC%9D%84-%EB%B0%94%EA%BF%80-%EB%AF%B8%EB%9E%98-%EC%8B%9C%EB%82%98%EB%A6%AC%EC%98%A4/
[2026-07-05 08:13:01] ✅ [SEO_TITLE] 타이틀 존재: Jett의 심층 분석: ‘에어컨 25.6도’ 논란, 당신의 여름과 전기요금, 그리고 에너지 미래를 바꿀 거대한 시그널! | Jett’s Insight
[2026-07-05 08:13:01] ✅ [SEO_META] Meta Description 존재
[2026-07-05 08:13:01] ✅ [SEO_MOBILE] Viewport 설정 확인 (모바일 친화적)
[2026-07-05 08:13:01] ✅ [SEO_CONTENT] 본문 길이 양호 (4525자)
[2026-07-05 08:13:01] ✅ [SEO_HEADING] H2 태그 5개 확인
[2026-07-05 08:13:01] ✅ [SEO_IMAGE] 모든 이미지에 ALT 태그 적용 완료
[2026-07-05 08:13:01] ✅ QA 검사 완료

[2026-07-05 08:18:20] =========================================
[2026-07-05 08:18:20] 🔍 Jett's Insight 블로그 SEO QA 시작
[2026-07-05 08:18:20] =========================================
[2026-07-05 08:18:21] ✅ [SITEMAP] sitemap.xml 정상 접근 확인
[2026-07-05 08:18:21] ✅ [SITEMAP] 최신 포스트 발견: https://jett-1993.github.io/blog/trend/%EC%97%90%EC%96%B4%EC%BB%A8-256%EB%8F%84-%EB%85%BC%EB%9E%80-%EA%B3%B5%EC%82%B0%EC%A3%BC%EC%9D%98-%EA%BC%AC%EB%A6%AC%ED%91%9C-%EB%84%88%EB%A8%B8-%EB%8B%B9%EC%8B%A0%EC%9D%98-%EC%97%AC%EB%A6%84%EA%B3%BC-%EC%A7%80%EA%B0%91%EC%9D%84-%EB%B0%94%EA%BF%80-%EB%AF%B8%EB%9E%98-%EC%8B%9C%EB%82%98%EB%A6%AC%EC%98%A4/
[2026-07-05 08:18:21] ✅ [SEO_TITLE] 타이틀 존재: Jett의 심층 분석: ‘에어컨 25.6도’ 논란, 당신의 여름과 전기요금, 그리고 에너지 미래를 바꿀 거대한 시그널! | Jett’s Insight
[2026-07-05 08:18:21] ✅ [SEO_META] Meta Description 존재
[2026-07-05 08:18:21] ✅ [SEO_MOBILE] Viewport 설정 확인 (모바일 친화적)
[2026-07-05 08:18:21] ✅ [SEO_CONTENT] 본문 길이 양호 (4525자)
[2026-07-05 08:18:21] ✅ [SEO_HEADING] H2 태그 5개 확인
[2026-07-05 08:18:21] ✅ [SEO_IMAGE] 모든 이미지에 ALT 태그 적용 완료
[2026-07-05 08:18:21] ✅ QA 검사 완료

[2026-07-05 09:13:02] =========================================
[2026-07-05 09:13:02] 🔍 Jett's Insight 블로그 SEO QA 시작
[2026-07-05 09:13:02] =========================================
[2026-07-05 09:13:02] ✅ [SITEMAP] sitemap.xml 정상 접근 확인
[2026-07-05 09:13:02] ✅ [SITEMAP] 최신 포스트 발견: https://jett-1993.github.io/blog/trend/%EC%97%90%EC%96%B4%EC%BB%A8-256%EB%8F%84-%EB%85%BC%EB%9E%80-%EA%B3%B5%EC%82%B0%EC%A3%BC%EC%9D%98-%EA%BC%AC%EB%A6%AC%ED%91%9C-%EB%84%88%EB%A8%B8-%EB%8B%B9%EC%8B%A0%EC%9D%98-%EC%97%AC%EB%A6%84%EA%B3%BC-%EC%A7%80%EA%B0%91%EC%9D%84-%EB%B0%94%EA%BF%80-%EB%AF%B8%EB%9E%98-%EC%8B%9C%EB%82%98%EB%A6%AC%EC%98%A4/
[2026-07-05 09:13:02] ✅ [SEO_TITLE] 타이틀 존재: Jett의 심층 분석: ‘에어컨 25.6도’ 논란, 당신의 여름과 전기요금, 그리고 에너지 미래를 바꿀 거대한 시그널! | Jett’s Insight
[2026-07-05 09:13:02] ✅ [SEO_META] Meta Description 존재
[2026-07-05 09:13:02] ✅ [SEO_MOBILE] Viewport 설정 확인 (모바일 친화적)
[2026-07-05 09:13:02] ✅ [SEO_CONTENT] 본문 길이 양호 (4525자)
[2026-07-05 09:13:02] ✅ [SEO_HEADING] H2 태그 5개 확인
[2026-07-05 09:13:02] ✅ [SEO_IMAGE] 모든 이미지에 ALT 태그 적용 완료
[2026-07-05 09:13:02] ✅ QA 검사 완료

[2026-07-05 09:18:21] =========================================
[2026-07-05 09:18:21] 🔍 Jett's Insight 블로그 SEO QA 시작
[2026-07-05 09:18:21] =========================================
[2026-07-05 09:18:21] ✅ [SITEMAP] sitemap.xml 정상 접근 확인
[2026-07-05 09:18:21] ✅ [SITEMAP] 최신 포스트 발견: https://jett-1993.github.io/blog/trend/%EC%97%90%EC%96%B4%EC%BB%A8-256%EB%8F%84-%EB%85%BC%EB%9E%80-%EA%B3%B5%EC%82%B0%EC%A3%BC%EC%9D%98-%EA%BC%AC%EB%A6%AC%ED%91%9C-%EB%84%88%EB%A8%B8-%EB%8B%B9%EC%8B%A0%EC%9D%98-%EC%97%AC%EB%A6%84%EA%B3%BC-%EC%A7%80%EA%B0%91%EC%9D%84-%EB%B0%94%EA%BF%80-%EB%AF%B8%EB%9E%98-%EC%8B%9C%EB%82%98%EB%A6%AC%EC%98%A4/
[2026-07-05 09:18:22] ✅ [SEO_TITLE] 타이틀 존재: Jett의 심층 분석: ‘에어컨 25.6도’ 논란, 당신의 여름과 전기요금, 그리고 에너지 미래를 바꿀 거대한 시그널! | Jett’s Insight
[2026-07-05 09:18:22] ✅ [SEO_META] Meta Description 존재
[2026-07-05 09:18:22] ✅ [SEO_MOBILE] Viewport 설정 확인 (모바일 친화적)
[2026-07-05 09:18:22] ✅ [SEO_CONTENT] 본문 길이 양호 (4525자)
[2026-07-05 09:18:22] ✅ [SEO_HEADING] H2 태그 5개 확인
[2026-07-05 09:18:22] ✅ [SEO_IMAGE] 모든 이미지에 ALT 태그 적용 완료
[2026-07-05 09:18:22] ✅ QA 검사 완료

[2026-07-05 10:13:03] =========================================
[2026-07-05 10:13:03] 🔍 Jett's Insight 블로그 SEO QA 시작
[2026-07-05 10:13:03] =========================================
[2026-07-05 10:13:03] ✅ [SITEMAP] sitemap.xml 정상 접근 확인
[2026-07-05 10:13:03] ✅ [SITEMAP] 최신 포스트 발견: https://jett-1993.github.io/blog/trend/%EC%B4%88%EC%A7%80%EB%8A%A5-AI-%ED%95%B4%ED%82%B9-%EC%8B%9C%EB%8C%80-%EB%8B%B9%EC%8B%A0%EC%9D%98-%EB%8D%B0%EC%9D%B4%ED%84%B0%EB%8A%94-%EC%95%88%EC%A0%84%ED%95%9C%EA%B0%80-%EC%B1%97GPT%EA%B0%80-%EB%8D%98%EC%A7%84-%EC%98%88%EC%B8%A1%EB%B6%88%ED%97%88-%EC%82%AC%EC%9D%B4%EB%B2%84-%EC%A0%84%EC%9F%81-%EC%8B%9C%EB%82%98%EB%A6%AC%EC%98%A4/
[2026-07-05 10:13:03] ✅ [SEO_TITLE] 타이틀 존재: 초지능 AI 해킹 시대: 당신의 데이터, 과연 안전한가? 예측불허 사이버 전쟁의 현실적 위협과 생존 전략 | Jett’s Insight
[2026-07-05 10:13:03] ✅ [SEO_META] Meta Description 존재
[2026-07-05 10:13:03] ✅ [SEO_MOBILE] Viewport 설정 확인 (모바일 친화적)
[2026-07-05 10:13:03] ✅ [SEO_CONTENT] 본문 길이 양호 (4499자)
[2026-07-05 10:13:03] ✅ [SEO_HEADING] H2 태그 6개 확인
[2026-07-05 10:13:03] ✅ [SEO_IMAGE] 모든 이미지에 ALT 태그 적용 완료
[2026-07-05 10:13:03] ✅ QA 검사 완료

[2026-07-05 10:18:22] =========================================
[2026-07-05 10:18:22] 🔍 Jett's Insight 블로그 SEO QA 시작
[2026-07-05 10:18:22] =========================================
[2026-07-05 10:18:22] ✅ [SITEMAP] sitemap.xml 정상 접근 확인
[2026-07-05 10:18:22] ✅ [SITEMAP] 최신 포스트 발견: https://jett-1993.github.io/blog/trend/%EC%B4%88%EC%A7%80%EB%8A%A5-AI-%ED%95%B4%ED%82%B9-%EC%8B%9C%EB%8C%80-%EB%8B%B9%EC%8B%A0%EC%9D%98-%EB%8D%B0%EC%9D%B4%ED%84%B0%EB%8A%94-%EC%95%88%EC%A0%84%ED%95%9C%EA%B0%80-%EC%B1%97GPT%EA%B0%80-%EB%8D%98%EC%A7%84-%EC%98%88%EC%B8%A1%EB%B6%88%ED%97%88-%EC%82%AC%EC%9D%B4%EB%B2%84-%EC%A0%84%EC%9F%81-%EC%8B%9C%EB%82%98%EB%A6%AC%EC%98%A4/
[2026-07-05 10:18:22] ✅ [SEO_TITLE] 타이틀 존재: 초지능 AI 해킹 시대: 당신의 데이터, 과연 안전한가? 예측불허 사이버 전쟁의 현실적 위협과 생존 전략 | Jett’s Insight
[2026-07-05 10:18:22] ✅ [SEO_META] Meta Description 존재
[2026-07-05 10:18:22] ✅ [SEO_MOBILE] Viewport 설정 확인 (모바일 친화적)
[2026-07-05 10:18:22] ✅ [SEO_CONTENT] 본문 길이 양호 (4499자)
[2026-07-05 10:18:22] ✅ [SEO_HEADING] H2 태그 6개 확인
[2026-07-05 10:18:22] ✅ [SEO_IMAGE] 모든 이미지에 ALT 태그 적용 완료
[2026-07-05 10:18:22] ✅ QA 검사 완료

[2026-07-05 10:57:08] =========================================
[2026-07-05 10:57:08] 🔍 Jett's Insight 블로그 SEO QA 시작
[2026-07-05 10:57:08] =========================================
[2026-07-05 10:57:08] ✅ [SITEMAP] sitemap.xml 정상 접근 확인
[2026-07-05 10:57:08] ✅ [SITEMAP] 최신 포스트 발견: https://jett-1993.github.io/blog/trend/%EC%B4%88%EC%A7%80%EB%8A%A5-AI-%ED%95%B4%ED%82%B9-%EC%8B%9C%EB%8C%80-%EB%8B%B9%EC%8B%A0%EC%9D%98-%EB%8D%B0%EC%9D%B4%ED%84%B0%EB%8A%94-%EC%95%88%EC%A0%84%ED%95%9C%EA%B0%80-%EC%B1%97GPT%EA%B0%80-%EB%8D%98%EC%A7%84-%EC%98%88%EC%B8%A1%EB%B6%88%ED%97%88-%EC%82%AC%EC%9D%B4%EB%B2%84-%EC%A0%84%EC%9F%81-%EC%8B%9C%EB%82%98%EB%A6%AC%EC%98%A4/
[2026-07-05 10:57:09] ✅ [SEO_TITLE] 타이틀 존재: 초지능 AI 해킹 시대: 당신의 데이터, 과연 안전한가? 예측불허 사이버 전쟁의 현실적 위협과 생존 전략 | Jett’s Insight
[2026-07-05 10:57:09] ✅ [SEO_META] Meta Description 존재
[2026-07-05 10:57:09] ✅ [SEO_MOBILE] Viewport 설정 확인 (모바일 친화적)
[2026-07-05 10:57:09] ✅ [SEO_CONTENT] 본문 길이 양호 (4499자)
[2026-07-05 10:57:09] ✅ [SEO_HEADING] H2 태그 6개 확인
[2026-07-05 10:57:09] ✅ [SEO_IMAGE] 모든 이미지에 ALT 태그 적용 완료
[2026-07-05 10:57:09] ✅ QA 검사 완료

[2026-07-05 11:13:04] =========================================
[2026-07-05 11:13:04] 🔍 Jett's Insight 블로그 SEO QA 시작
[2026-07-05 11:13:04] =========================================
[2026-07-05 11:13:04] ✅ [SITEMAP] sitemap.xml 정상 접근 확인
[2026-07-05 11:13:04] ✅ [SITEMAP] 최신 포스트 발견: https://jett-1993.github.io/blog/trend/%EC%B4%88%EC%A7%80%EB%8A%A5-AI-%ED%95%B4%ED%82%B9-%EC%8B%9C%EB%8C%80-%EB%8B%B9%EC%8B%A0%EC%9D%98-%EB%8D%B0%EC%9D%B4%ED%84%B0%EB%8A%94-%EC%95%88%EC%A0%84%ED%95%9C%EA%B0%80-%EC%B1%97GPT%EA%B0%80-%EB%8D%98%EC%A7%84-%EC%98%88%EC%B8%A1%EB%B6%88%ED%97%88-%EC%82%AC%EC%9D%B4%EB%B2%84-%EC%A0%84%EC%9F%81-%EC%8B%9C%EB%82%98%EB%A6%AC%EC%98%A4/
[2026-07-05 11:13:04] ✅ [SEO_TITLE] 타이틀 존재: 초지능 AI 해킹 시대: 당신의 데이터, 과연 안전한가? 예측불허 사이버 전쟁의 현실적 위협과 생존 전략 | Jett’s Insight
[2026-07-05 11:13:04] ✅ [SEO_META] Meta Description 존재
[2026-07-05 11:13:04] ✅ [SEO_MOBILE] Viewport 설정 확인 (모바일 친화적)
[2026-07-05 11:13:04] ✅ [SEO_CONTENT] 본문 길이 양호 (4499자)
[2026-07-05 11:13:04] ✅ [SEO_HEADING] H2 태그 6개 확인
[2026-07-05 11:13:04] ✅ [SEO_IMAGE] 모든 이미지에 ALT 태그 적용 완료
[2026-07-05 11:13:04] ✅ QA 검사 완료

[2026-07-05 11:18:22] =========================================
[2026-07-05 11:18:22] 🔍 Jett's Insight 블로그 SEO QA 시작
[2026-07-05 11:18:22] =========================================
[2026-07-05 11:18:22] ✅ [SITEMAP] sitemap.xml 정상 접근 확인
[2026-07-05 11:18:22] ✅ [SITEMAP] 최신 포스트 발견: https://jett-1993.github.io/blog/trend/%EC%B4%88%EC%A7%80%EB%8A%A5-AI-%ED%95%B4%ED%82%B9-%EC%8B%9C%EB%8C%80-%EB%8B%B9%EC%8B%A0%EC%9D%98-%EB%8D%B0%EC%9D%B4%ED%84%B0%EB%8A%94-%EC%95%88%EC%A0%84%ED%95%9C%EA%B0%80-%EC%B1%97GPT%EA%B0%80-%EB%8D%98%EC%A7%84-%EC%98%88%EC%B8%A1%EB%B6%88%ED%97%88-%EC%82%AC%EC%9D%B4%EB%B2%84-%EC%A0%84%EC%9F%81-%EC%8B%9C%EB%82%98%EB%A6%AC%EC%98%A4/
[2026-07-05 11:18:23] ✅ [SEO_TITLE] 타이틀 존재: 초지능 AI 해킹 시대: 당신의 데이터, 과연 안전한가? 예측불허 사이버 전쟁의 현실적 위협과 생존 전략 | Jett’s Insight
[2026-07-05 11:18:23] ✅ [SEO_META] Meta Description 존재
[2026-07-05 11:18:23] ✅ [SEO_MOBILE] Viewport 설정 확인 (모바일 친화적)
[2026-07-05 11:18:23] ✅ [SEO_CONTENT] 본문 길이 양호 (4499자)
[2026-07-05 11:18:23] ✅ [SEO_HEADING] H2 태그 6개 확인
[2026-07-05 11:18:23] ✅ [SEO_IMAGE] 모든 이미지에 ALT 태그 적용 완료
[2026-07-05 11:18:23] ✅ QA 검사 완료

[2026-07-05 11:20:10] =========================================
[2026-07-05 11:20:10] 🔍 Jett's Insight 블로그 SEO QA 시작
[2026-07-05 11:20:10] =========================================
[2026-07-05 11:20:10] ✅ [SITEMAP] sitemap.xml 정상 접근 확인
[2026-07-05 11:20:10] ✅ [SITEMAP] 최신 포스트 발견: https://jett-1993.github.io/blog/trend/%EC%B4%88%EC%A7%80%EB%8A%A5-AI-%ED%95%B4%ED%82%B9-%EC%8B%9C%EB%8C%80-%EB%8B%B9%EC%8B%A0%EC%9D%98-%EB%8D%B0%EC%9D%B4%ED%84%B0%EB%8A%94-%EC%95%88%EC%A0%84%ED%95%9C%EA%B0%80-%EC%B1%97GPT%EA%B0%80-%EB%8D%98%EC%A7%84-%EC%98%88%EC%B8%A1%EB%B6%88%ED%97%88-%EC%82%AC%EC%9D%B4%EB%B2%84-%EC%A0%84%EC%9F%81-%EC%8B%9C%EB%82%98%EB%A6%AC%EC%98%A4/
[2026-07-05 11:20:10] ✅ [SEO_TITLE] 타이틀 존재: 초지능 AI 해킹 시대: 당신의 데이터, 과연 안전한가? 예측불허 사이버 전쟁의 현실적 위협과 생존 전략 | Jett’s Insight
[2026-07-05 11:20:10] ✅ [SEO_META] Meta Description 존재
[2026-07-05 11:20:10] ✅ [SEO_MOBILE] Viewport 설정 확인 (모바일 친화적)
[2026-07-05 11:20:10] ✅ [SEO_CONTENT] 본문 길이 양호 (4499자)
[2026-07-05 11:20:10] ✅ [SEO_HEADING] H2 태그 6개 확인
[2026-07-05 11:20:10] ✅ [SEO_IMAGE] 모든 이미지에 ALT 태그 적용 완료
[2026-07-05 11:20:10] ✅ QA 검사 완료

[2026-07-05 11:34:39] =========================================
[2026-07-05 11:34:39] 🔍 Jett's Insight 블로그 SEO QA 시작
[2026-07-05 11:34:39] =========================================
[2026-07-05 11:34:39] ✅ [SITEMAP] sitemap.xml 정상 접근 확인
[2026-07-05 11:34:39] ✅ [SITEMAP] 최신 포스트 발견: https://jett-1993.github.io/blog/trend/%EC%B4%88%EC%A7%80%EB%8A%A5-AI-%ED%95%B4%ED%82%B9-%EC%8B%9C%EB%8C%80-%EB%8B%B9%EC%8B%A0%EC%9D%98-%EB%8D%B0%EC%9D%B4%ED%84%B0%EB%8A%94-%EC%95%88%EC%A0%84%ED%95%9C%EA%B0%80-%EC%B1%97GPT%EA%B0%80-%EB%8D%98%EC%A7%84-%EC%98%88%EC%B8%A1%EB%B6%88%ED%97%88-%EC%82%AC%EC%9D%B4%EB%B2%84-%EC%A0%84%EC%9F%81-%EC%8B%9C%EB%82%98%EB%A6%AC%EC%98%A4/
[2026-07-05 11:34:40] ✅ [SEO_TITLE] 타이틀 존재: 초지능 AI 해킹 시대: 당신의 데이터, 과연 안전한가? 예측불허 사이버 전쟁의 현실적 위협과 생존 전략 | Jett’s Insight
[2026-07-05 11:34:40] ✅ [SEO_META] Meta Description 존재
[2026-07-05 11:34:40] ✅ [SEO_MOBILE] Viewport 설정 확인 (모바일 친화적)
[2026-07-05 11:34:40] ✅ [SEO_CONTENT] 본문 길이 양호 (4499자)
[2026-07-05 11:34:40] ✅ [SEO_HEADING] H2 태그 6개 확인
[2026-07-05 11:34:40] ✅ [SEO_IMAGE] 모든 이미지에 ALT 태그 적용 완료
[2026-07-05 11:34:40] ✅ QA 검사 완료

[2026-07-05 11:57:09] =========================================
[2026-07-05 11:57:09] 🔍 Jett's Insight 블로그 SEO QA 시작
[2026-07-05 11:57:09] =========================================
[2026-07-05 11:57:09] ✅ [SITEMAP] sitemap.xml 정상 접근 확인
[2026-07-05 11:57:09] ✅ [SITEMAP] 최신 포스트 발견: https://jett-1993.github.io/blog/trend/%EC%B4%88%EC%A7%80%EB%8A%A5-AI-%ED%95%B4%ED%82%B9-%EC%8B%9C%EB%8C%80-%EB%8B%B9%EC%8B%A0%EC%9D%98-%EB%8D%B0%EC%9D%B4%ED%84%B0%EB%8A%94-%EC%95%88%EC%A0%84%ED%95%9C%EA%B0%80-%EC%B1%97GPT%EA%B0%80-%EB%8D%98%EC%A7%84-%EC%98%88%EC%B8%A1%EB%B6%88%ED%97%88-%EC%82%AC%EC%9D%B4%EB%B2%84-%EC%A0%84%EC%9F%81-%EC%8B%9C%EB%82%98%EB%A6%AC%EC%98%A4/
[2026-07-05 11:57:10] ✅ [SEO_TITLE] 타이틀 존재: 초지능 AI 해킹 시대: 당신의 데이터, 과연 안전한가? 예측불허 사이버 전쟁의 현실적 위협과 생존 전략 | Jett’s Insight
[2026-07-05 11:57:10] ✅ [SEO_META] Meta Description 존재
[2026-07-05 11:57:10] ✅ [SEO_MOBILE] Viewport 설정 확인 (모바일 친화적)
[2026-07-05 11:57:10] ✅ [SEO_CONTENT] 본문 길이 양호 (4499자)
[2026-07-05 11:57:10] ✅ [SEO_HEADING] H2 태그 6개 확인
[2026-07-05 11:57:10] ✅ [SEO_IMAGE] 모든 이미지에 ALT 태그 적용 완료
[2026-07-05 11:57:10] ✅ QA 검사 완료

[2026-07-05 12:13:05] =========================================
[2026-07-05 12:13:05] 🔍 Jett's Insight 블로그 SEO QA 시작
[2026-07-05 12:13:05] =========================================
[2026-07-05 12:13:05] ✅ [SITEMAP] sitemap.xml 정상 접근 확인
[2026-07-05 12:13:05] ✅ [SITEMAP] 최신 포스트 발견: https://jett-1993.github.io/blog/trend/%EC%B4%88%EC%A7%80%EB%8A%A5-AI-%ED%95%B4%ED%82%B9-%EC%8B%9C%EB%8C%80-%EB%8B%B9%EC%8B%A0%EC%9D%98-%EB%8D%B0%EC%9D%B4%ED%84%B0%EB%8A%94-%EC%95%88%EC%A0%84%ED%95%9C%EA%B0%80-%EC%B1%97GPT%EA%B0%80-%EB%8D%98%EC%A7%84-%EC%98%88%EC%B8%A1%EB%B6%88%ED%97%88-%EC%82%AC%EC%9D%B4%EB%B2%84-%EC%A0%84%EC%9F%81-%EC%8B%9C%EB%82%98%EB%A6%AC%EC%98%A4/
[2026-07-05 12:13:05] ✅ [SEO_TITLE] 타이틀 존재: 초지능 AI 해킹 시대: 당신의 데이터, 과연 안전한가? 예측불허 사이버 전쟁의 현실적 위협과 생존 전략 | Jett’s Insight
[2026-07-05 12:13:05] ✅ [SEO_META] Meta Description 존재
[2026-07-05 12:13:05] ✅ [SEO_MOBILE] Viewport 설정 확인 (모바일 친화적)
[2026-07-05 12:13:05] ✅ [SEO_CONTENT] 본문 길이 양호 (4499자)
[2026-07-05 12:13:05] ✅ [SEO_HEADING] H2 태그 6개 확인
[2026-07-05 12:13:05] ✅ [SEO_IMAGE] 모든 이미지에 ALT 태그 적용 완료
[2026-07-05 12:13:05] ✅ QA 검사 완료

[2026-07-05 12:18:23] =========================================
[2026-07-05 12:18:23] 🔍 Jett's Insight 블로그 SEO QA 시작
[2026-07-05 12:18:23] =========================================
[2026-07-05 12:18:23] ✅ [SITEMAP] sitemap.xml 정상 접근 확인
[2026-07-05 12:18:23] ✅ [SITEMAP] 최신 포스트 발견: https://jett-1993.github.io/blog/trend/%EC%B4%88%EC%A7%80%EB%8A%A5-AI-%ED%95%B4%ED%82%B9-%EC%8B%9C%EB%8C%80-%EB%8B%B9%EC%8B%A0%EC%9D%98-%EB%8D%B0%EC%9D%B4%ED%84%B0%EB%8A%94-%EC%95%88%EC%A0%84%ED%95%9C%EA%B0%80-%EC%B1%97GPT%EA%B0%80-%EB%8D%98%EC%A7%84-%EC%98%88%EC%B8%A1%EB%B6%88%ED%97%88-%EC%82%AC%EC%9D%B4%EB%B2%84-%EC%A0%84%EC%9F%81-%EC%8B%9C%EB%82%98%EB%A6%AC%EC%98%A4/
[2026-07-05 12:18:23] ✅ [SEO_TITLE] 타이틀 존재: 초지능 AI 해킹 시대: 당신의 데이터, 과연 안전한가? 예측불허 사이버 전쟁의 현실적 위협과 생존 전략 | Jett’s Insight
[2026-07-05 12:18:23] ✅ [SEO_META] Meta Description 존재
[2026-07-05 12:18:23] ✅ [SEO_MOBILE] Viewport 설정 확인 (모바일 친화적)
[2026-07-05 12:18:23] ✅ [SEO_CONTENT] 본문 길이 양호 (4499자)
[2026-07-05 12:18:23] ✅ [SEO_HEADING] H2 태그 6개 확인
[2026-07-05 12:18:23] ✅ [SEO_IMAGE] 모든 이미지에 ALT 태그 적용 완료
[2026-07-05 12:18:23] ✅ QA 검사 완료

[2026-07-05 12:20:10] =========================================
[2026-07-05 12:20:10] 🔍 Jett's Insight 블로그 SEO QA 시작
[2026-07-05 12:20:10] =========================================
[2026-07-05 12:20:10] ✅ [SITEMAP] sitemap.xml 정상 접근 확인
[2026-07-05 12:20:10] ✅ [SITEMAP] 최신 포스트 발견: https://jett-1993.github.io/blog/trend/%EC%B4%88%EC%A7%80%EB%8A%A5-AI-%ED%95%B4%ED%82%B9-%EC%8B%9C%EB%8C%80-%EB%8B%B9%EC%8B%A0%EC%9D%98-%EB%8D%B0%EC%9D%B4%ED%84%B0%EB%8A%94-%EC%95%88%EC%A0%84%ED%95%9C%EA%B0%80-%EC%B1%97GPT%EA%B0%80-%EB%8D%98%EC%A7%84-%EC%98%88%EC%B8%A1%EB%B6%88%ED%97%88-%EC%82%AC%EC%9D%B4%EB%B2%84-%EC%A0%84%EC%9F%81-%EC%8B%9C%EB%82%98%EB%A6%AC%EC%98%A4/
[2026-07-05 12:20:11] ✅ [SEO_TITLE] 타이틀 존재: 초지능 AI 해킹 시대: 당신의 데이터, 과연 안전한가? 예측불허 사이버 전쟁의 현실적 위협과 생존 전략 | Jett’s Insight
[2026-07-05 12:20:11] ✅ [SEO_META] Meta Description 존재
[2026-07-05 12:20:11] ✅ [SEO_MOBILE] Viewport 설정 확인 (모바일 친화적)
[2026-07-05 12:20:11] ✅ [SEO_CONTENT] 본문 길이 양호 (4499자)
[2026-07-05 12:20:11] ✅ [SEO_HEADING] H2 태그 6개 확인
[2026-07-05 12:20:11] ✅ [SEO_IMAGE] 모든 이미지에 ALT 태그 적용 완료
[2026-07-05 12:20:11] ✅ QA 검사 완료

[2026-07-05 12:34:40] =========================================
[2026-07-05 12:34:40] 🔍 Jett's Insight 블로그 SEO QA 시작
[2026-07-05 12:34:40] =========================================
[2026-07-05 12:34:40] ✅ [SITEMAP] sitemap.xml 정상 접근 확인
[2026-07-05 12:34:40] ✅ [SITEMAP] 최신 포스트 발견: https://jett-1993.github.io/blog/trend/%EC%B4%88%EC%A7%80%EB%8A%A5-AI-%ED%95%B4%ED%82%B9-%EC%8B%9C%EB%8C%80-%EB%8B%B9%EC%8B%A0%EC%9D%98-%EB%8D%B0%EC%9D%B4%ED%84%B0%EB%8A%94-%EC%95%88%EC%A0%84%ED%95%9C%EA%B0%80-%EC%B1%97GPT%EA%B0%80-%EB%8D%98%EC%A7%84-%EC%98%88%EC%B8%A1%EB%B6%88%ED%97%88-%EC%82%AC%EC%9D%B4%EB%B2%84-%EC%A0%84%EC%9F%81-%EC%8B%9C%EB%82%98%EB%A6%AC%EC%98%A4/
[2026-07-05 12:34:41] ✅ [SEO_TITLE] 타이틀 존재: 초지능 AI 해킹 시대: 당신의 데이터, 과연 안전한가? 예측불허 사이버 전쟁의 현실적 위협과 생존 전략 | Jett’s Insight
[2026-07-05 12:34:41] ✅ [SEO_META] Meta Description 존재
[2026-07-05 12:34:41] ✅ [SEO_MOBILE] Viewport 설정 확인 (모바일 친화적)
[2026-07-05 12:34:41] ✅ [SEO_CONTENT] 본문 길이 양호 (4499자)
[2026-07-05 12:34:41] ✅ [SEO_HEADING] H2 태그 6개 확인
[2026-07-05 12:34:41] ✅ [SEO_IMAGE] 모든 이미지에 ALT 태그 적용 완료
[2026-07-05 12:34:41] ✅ QA 검사 완료

[2026-07-05 12:57:10] =========================================
[2026-07-05 12:57:10] 🔍 Jett's Insight 블로그 SEO QA 시작
[2026-07-05 12:57:10] =========================================
[2026-07-05 12:57:10] ✅ [SITEMAP] sitemap.xml 정상 접근 확인
[2026-07-05 12:57:10] ✅ [SITEMAP] 최신 포스트 발견: https://jett-1993.github.io/blog/trend/%EC%B4%88%EC%A7%80%EB%8A%A5-AI-%ED%95%B4%ED%82%B9-%EC%8B%9C%EB%8C%80-%EB%8B%B9%EC%8B%A0%EC%9D%98-%EB%8D%B0%EC%9D%B4%ED%84%B0%EB%8A%94-%EC%95%88%EC%A0%84%ED%95%9C%EA%B0%80-%EC%B1%97GPT%EA%B0%80-%EB%8D%98%EC%A7%84-%EC%98%88%EC%B8%A1%EB%B6%88%ED%97%88-%EC%82%AC%EC%9D%B4%EB%B2%84-%EC%A0%84%EC%9F%81-%EC%8B%9C%EB%82%98%EB%A6%AC%EC%98%A4/
[2026-07-05 12:57:10] ✅ [SEO_TITLE] 타이틀 존재: 초지능 AI 해킹 시대: 당신의 데이터, 과연 안전한가? 예측불허 사이버 전쟁의 현실적 위협과 생존 전략 | Jett’s Insight
[2026-07-05 12:57:10] ✅ [SEO_META] Meta Description 존재
[2026-07-05 12:57:10] ✅ [SEO_MOBILE] Viewport 설정 확인 (모바일 친화적)
[2026-07-05 12:57:10] ✅ [SEO_CONTENT] 본문 길이 양호 (4499자)
[2026-07-05 12:57:10] ✅ [SEO_HEADING] H2 태그 6개 확인
[2026-07-05 12:57:10] ✅ [SEO_IMAGE] 모든 이미지에 ALT 태그 적용 완료
[2026-07-05 12:57:10] ✅ QA 검사 완료

[2026-07-05 13:13:06] =========================================
[2026-07-05 13:13:06] 🔍 Jett's Insight 블로그 SEO QA 시작
[2026-07-05 13:13:06] =========================================
[2026-07-05 13:13:06] ✅ [SITEMAP] sitemap.xml 정상 접근 확인
[2026-07-05 13:13:06] ✅ [SITEMAP] 최신 포스트 발견: https://jett-1993.github.io/blog/trend/%EC%B4%88%EC%A7%80%EB%8A%A5-AI-%ED%95%B4%ED%82%B9-%EC%8B%9C%EB%8C%80-%EB%8B%B9%EC%8B%A0%EC%9D%98-%EB%8D%B0%EC%9D%B4%ED%84%B0%EB%8A%94-%EC%95%88%EC%A0%84%ED%95%9C%EA%B0%80-%EC%B1%97GPT%EA%B0%80-%EB%8D%98%EC%A7%84-%EC%98%88%EC%B8%A1%EB%B6%88%ED%97%88-%EC%82%AC%EC%9D%B4%EB%B2%84-%EC%A0%84%EC%9F%81-%EC%8B%9C%EB%82%98%EB%A6%AC%EC%98%A4/
[2026-07-05 13:13:06] ✅ [SEO_TITLE] 타이틀 존재: 초지능 AI 해킹 시대: 당신의 데이터, 과연 안전한가? 예측불허 사이버 전쟁의 현실적 위협과 생존 전략 | Jett’s Insight
[2026-07-05 13:13:06] ✅ [SEO_META] Meta Description 존재
[2026-07-05 13:13:06] ✅ [SEO_MOBILE] Viewport 설정 확인 (모바일 친화적)
[2026-07-05 13:13:06] ✅ [SEO_CONTENT] 본문 길이 양호 (4499자)
[2026-07-05 13:13:06] ✅ [SEO_HEADING] H2 태그 6개 확인
[2026-07-05 13:13:06] ✅ [SEO_IMAGE] 모든 이미지에 ALT 태그 적용 완료
[2026-07-05 13:13:06] ✅ QA 검사 완료

[2026-07-05 13:18:23] =========================================
[2026-07-05 13:18:23] 🔍 Jett's Insight 블로그 SEO QA 시작
[2026-07-05 13:18:23] =========================================
[2026-07-05 13:18:23] ✅ [SITEMAP] sitemap.xml 정상 접근 확인
[2026-07-05 13:18:23] ✅ [SITEMAP] 최신 포스트 발견: https://jett-1993.github.io/blog/trend/%EC%B4%88%EC%A7%80%EB%8A%A5-AI-%ED%95%B4%ED%82%B9-%EC%8B%9C%EB%8C%80-%EB%8B%B9%EC%8B%A0%EC%9D%98-%EB%8D%B0%EC%9D%B4%ED%84%B0%EB%8A%94-%EC%95%88%EC%A0%84%ED%95%9C%EA%B0%80-%EC%B1%97GPT%EA%B0%80-%EB%8D%98%EC%A7%84-%EC%98%88%EC%B8%A1%EB%B6%88%ED%97%88-%EC%82%AC%EC%9D%B4%EB%B2%84-%EC%A0%84%EC%9F%81-%EC%8B%9C%EB%82%98%EB%A6%AC%EC%98%A4/
[2026-07-05 13:18:23] ✅ [SEO_TITLE] 타이틀 존재: 초지능 AI 해킹 시대: 당신의 데이터, 과연 안전한가? 예측불허 사이버 전쟁의 현실적 위협과 생존 전략 | Jett’s Insight
[2026-07-05 13:18:23] ✅ [SEO_META] Meta Description 존재
[2026-07-05 13:18:23] ✅ [SEO_MOBILE] Viewport 설정 확인 (모바일 친화적)
[2026-07-05 13:18:23] ✅ [SEO_CONTENT] 본문 길이 양호 (4499자)
[2026-07-05 13:18:23] ✅ [SEO_HEADING] H2 태그 6개 확인
[2026-07-05 13:18:23] ✅ [SEO_IMAGE] 모든 이미지에 ALT 태그 적용 완료
[2026-07-05 13:18:23] ✅ QA 검사 완료

[2026-07-05 13:20:11] =========================================
[2026-07-05 13:20:11] 🔍 Jett's Insight 블로그 SEO QA 시작
[2026-07-05 13:20:11] =========================================
[2026-07-05 13:20:11] ✅ [SITEMAP] sitemap.xml 정상 접근 확인
[2026-07-05 13:20:11] ✅ [SITEMAP] 최신 포스트 발견: https://jett-1993.github.io/blog/trend/%EC%B4%88%EC%A7%80%EB%8A%A5-AI-%ED%95%B4%ED%82%B9-%EC%8B%9C%EB%8C%80-%EB%8B%B9%EC%8B%A0%EC%9D%98-%EB%8D%B0%EC%9D%B4%ED%84%B0%EB%8A%94-%EC%95%88%EC%A0%84%ED%95%9C%EA%B0%80-%EC%B1%97GPT%EA%B0%80-%EB%8D%98%EC%A7%84-%EC%98%88%EC%B8%A1%EB%B6%88%ED%97%88-%EC%82%AC%EC%9D%B4%EB%B2%84-%EC%A0%84%EC%9F%81-%EC%8B%9C%EB%82%98%EB%A6%AC%EC%98%A4/
[2026-07-05 13:20:11] ✅ [SEO_TITLE] 타이틀 존재: 초지능 AI 해킹 시대: 당신의 데이터, 과연 안전한가? 예측불허 사이버 전쟁의 현실적 위협과 생존 전략 | Jett’s Insight
[2026-07-05 13:20:11] ✅ [SEO_META] Meta Description 존재
[2026-07-05 13:20:11] ✅ [SEO_MOBILE] Viewport 설정 확인 (모바일 친화적)
[2026-07-05 13:20:11] ✅ [SEO_CONTENT] 본문 길이 양호 (4499자)
[2026-07-05 13:20:11] ✅ [SEO_HEADING] H2 태그 6개 확인
[2026-07-05 13:20:11] ✅ [SEO_IMAGE] 모든 이미지에 ALT 태그 적용 완료
[2026-07-05 13:20:11] ✅ QA 검사 완료

[2026-07-05 13:34:41] =========================================
[2026-07-05 13:34:41] 🔍 Jett's Insight 블로그 SEO QA 시작
[2026-07-05 13:34:41] =========================================
[2026-07-05 13:34:41] ✅ [SITEMAP] sitemap.xml 정상 접근 확인
[2026-07-05 13:34:41] ✅ [SITEMAP] 최신 포스트 발견: https://jett-1993.github.io/blog/trend/%EC%B4%88%EC%A7%80%EB%8A%A5-AI-%ED%95%B4%ED%82%B9-%EC%8B%9C%EB%8C%80-%EB%8B%B9%EC%8B%A0%EC%9D%98-%EB%8D%B0%EC%9D%B4%ED%84%B0%EB%8A%94-%EC%95%88%EC%A0%84%ED%95%9C%EA%B0%80-%EC%B1%97GPT%EA%B0%80-%EB%8D%98%EC%A7%84-%EC%98%88%EC%B8%A1%EB%B6%88%ED%97%88-%EC%82%AC%EC%9D%B4%EB%B2%84-%EC%A0%84%EC%9F%81-%EC%8B%9C%EB%82%98%EB%A6%AC%EC%98%A4/
[2026-07-05 13:34:42] ✅ [SEO_TITLE] 타이틀 존재: 초지능 AI 해킹 시대: 당신의 데이터, 과연 안전한가? 예측불허 사이버 전쟁의 현실적 위협과 생존 전략 | Jett’s Insight
[2026-07-05 13:34:42] ✅ [SEO_META] Meta Description 존재
[2026-07-05 13:34:42] ✅ [SEO_MOBILE] Viewport 설정 확인 (모바일 친화적)
[2026-07-05 13:34:42] ✅ [SEO_CONTENT] 본문 길이 양호 (4499자)
[2026-07-05 13:34:42] ✅ [SEO_HEADING] H2 태그 6개 확인
[2026-07-05 13:34:42] ✅ [SEO_IMAGE] 모든 이미지에 ALT 태그 적용 완료
[2026-07-05 13:34:42] ✅ QA 검사 완료

[2026-07-05 13:57:11] =========================================
[2026-07-05 13:57:11] 🔍 Jett's Insight 블로그 SEO QA 시작
[2026-07-05 13:57:11] =========================================
[2026-07-05 13:57:11] ✅ [SITEMAP] sitemap.xml 정상 접근 확인
[2026-07-05 13:57:11] ✅ [SITEMAP] 최신 포스트 발견: https://jett-1993.github.io/blog/trend/%EC%B4%88%EC%A7%80%EB%8A%A5-AI-%ED%95%B4%ED%82%B9-%EC%8B%9C%EB%8C%80-%EB%8B%B9%EC%8B%A0%EC%9D%98-%EB%8D%B0%EC%9D%B4%ED%84%B0%EB%8A%94-%EC%95%88%EC%A0%84%ED%95%9C%EA%B0%80-%EC%B1%97GPT%EA%B0%80-%EB%8D%98%EC%A7%84-%EC%98%88%EC%B8%A1%EB%B6%88%ED%97%88-%EC%82%AC%EC%9D%B4%EB%B2%84-%EC%A0%84%EC%9F%81-%EC%8B%9C%EB%82%98%EB%A6%AC%EC%98%A4/
[2026-07-05 13:57:11] ✅ [SEO_TITLE] 타이틀 존재: 초지능 AI 해킹 시대: 당신의 데이터, 과연 안전한가? 예측불허 사이버 전쟁의 현실적 위협과 생존 전략 | Jett’s Insight
[2026-07-05 13:57:11] ✅ [SEO_META] Meta Description 존재
[2026-07-05 13:57:11] ✅ [SEO_MOBILE] Viewport 설정 확인 (모바일 친화적)
[2026-07-05 13:57:11] ✅ [SEO_CONTENT] 본문 길이 양호 (4499자)
[2026-07-05 13:57:11] ✅ [SEO_HEADING] H2 태그 6개 확인
[2026-07-05 13:57:11] ✅ [SEO_IMAGE] 모든 이미지에 ALT 태그 적용 완료
[2026-07-05 13:57:11] ✅ QA 검사 완료

[2026-07-05 14:13:07] =========================================
[2026-07-05 14:13:07] 🔍 Jett's Insight 블로그 SEO QA 시작
[2026-07-05 14:13:07] =========================================
[2026-07-05 14:13:07] ✅ [SITEMAP] sitemap.xml 정상 접근 확인
[2026-07-05 14:13:07] ✅ [SITEMAP] 최신 포스트 발견: https://jett-1993.github.io/blog/trend/%EC%B4%88%EC%A7%80%EB%8A%A5-AI-%ED%95%B4%ED%82%B9-%EC%8B%9C%EB%8C%80-%EB%8B%B9%EC%8B%A0%EC%9D%98-%EB%8D%B0%EC%9D%B4%ED%84%B0%EB%8A%94-%EC%95%88%EC%A0%84%ED%95%9C%EA%B0%80-%EC%B1%97GPT%EA%B0%80-%EB%8D%98%EC%A7%84-%EC%98%88%EC%B8%A1%EB%B6%88%ED%97%88-%EC%82%AC%EC%9D%B4%EB%B2%84-%EC%A0%84%EC%9F%81-%EC%8B%9C%EB%82%98%EB%A6%AC%EC%98%A4/
[2026-07-05 14:13:07] ✅ [SEO_TITLE] 타이틀 존재: 초지능 AI 해킹 시대: 당신의 데이터, 과연 안전한가? 예측불허 사이버 전쟁의 현실적 위협과 생존 전략 | Jett’s Insight
[2026-07-05 14:13:07] ✅ [SEO_META] Meta Description 존재
[2026-07-05 14:13:07] ✅ [SEO_MOBILE] Viewport 설정 확인 (모바일 친화적)
[2026-07-05 14:13:07] ✅ [SEO_CONTENT] 본문 길이 양호 (4499자)
[2026-07-05 14:13:07] ✅ [SEO_HEADING] H2 태그 6개 확인
[2026-07-05 14:13:07] ✅ [SEO_IMAGE] 모든 이미지에 ALT 태그 적용 완료
[2026-07-05 14:13:07] ✅ QA 검사 완료

[2026-07-05 14:18:24] =========================================
[2026-07-05 14:18:24] 🔍 Jett's Insight 블로그 SEO QA 시작
[2026-07-05 14:18:24] =========================================
[2026-07-05 14:18:24] ✅ [SITEMAP] sitemap.xml 정상 접근 확인
[2026-07-05 14:18:24] ✅ [SITEMAP] 최신 포스트 발견: https://jett-1993.github.io/blog/trend/%EC%B4%88%EC%A7%80%EB%8A%A5-AI-%ED%95%B4%ED%82%B9-%EC%8B%9C%EB%8C%80-%EB%8B%B9%EC%8B%A0%EC%9D%98-%EB%8D%B0%EC%9D%B4%ED%84%B0%EB%8A%94-%EC%95%88%EC%A0%84%ED%95%9C%EA%B0%80-%EC%B1%97GPT%EA%B0%80-%EB%8D%98%EC%A7%84-%EC%98%88%EC%B8%A1%EB%B6%88%ED%97%88-%EC%82%AC%EC%9D%B4%EB%B2%84-%EC%A0%84%EC%9F%81-%EC%8B%9C%EB%82%98%EB%A6%AC%EC%98%A4/
[2026-07-05 14:18:24] ✅ [SEO_TITLE] 타이틀 존재: 초지능 AI 해킹 시대: 당신의 데이터, 과연 안전한가? 예측불허 사이버 전쟁의 현실적 위협과 생존 전략 | Jett’s Insight
[2026-07-05 14:18:24] ✅ [SEO_META] Meta Description 존재
[2026-07-05 14:18:24] ✅ [SEO_MOBILE] Viewport 설정 확인 (모바일 친화적)
[2026-07-05 14:18:24] ✅ [SEO_CONTENT] 본문 길이 양호 (4499자)
[2026-07-05 14:18:24] ✅ [SEO_HEADING] H2 태그 6개 확인
[2026-07-05 14:18:24] ✅ [SEO_IMAGE] 모든 이미지에 ALT 태그 적용 완료
[2026-07-05 14:18:24] ✅ QA 검사 완료

[2026-07-05 14:20:11] =========================================
[2026-07-05 14:20:11] 🔍 Jett's Insight 블로그 SEO QA 시작
[2026-07-05 14:20:11] =========================================
[2026-07-05 14:20:11] ✅ [SITEMAP] sitemap.xml 정상 접근 확인
[2026-07-05 14:20:11] ✅ [SITEMAP] 최신 포스트 발견: https://jett-1993.github.io/blog/trend/%EC%B4%88%EC%A7%80%EB%8A%A5-AI-%ED%95%B4%ED%82%B9-%EC%8B%9C%EB%8C%80-%EB%8B%B9%EC%8B%A0%EC%9D%98-%EB%8D%B0%EC%9D%B4%ED%84%B0%EB%8A%94-%EC%95%88%EC%A0%84%ED%95%9C%EA%B0%80-%EC%B1%97GPT%EA%B0%80-%EB%8D%98%EC%A7%84-%EC%98%88%EC%B8%A1%EB%B6%88%ED%97%88-%EC%82%AC%EC%9D%B4%EB%B2%84-%EC%A0%84%EC%9F%81-%EC%8B%9C%EB%82%98%EB%A6%AC%EC%98%A4/
[2026-07-05 14:20:12] ✅ [SEO_TITLE] 타이틀 존재: 초지능 AI 해킹 시대: 당신의 데이터, 과연 안전한가? 예측불허 사이버 전쟁의 현실적 위협과 생존 전략 | Jett’s Insight
[2026-07-05 14:20:12] ✅ [SEO_META] Meta Description 존재
[2026-07-05 14:20:12] ✅ [SEO_MOBILE] Viewport 설정 확인 (모바일 친화적)
[2026-07-05 14:20:12] ✅ [SEO_CONTENT] 본문 길이 양호 (4499자)
[2026-07-05 14:20:12] ✅ [SEO_HEADING] H2 태그 6개 확인
[2026-07-05 14:20:12] ✅ [SEO_IMAGE] 모든 이미지에 ALT 태그 적용 완료
[2026-07-05 14:20:12] ✅ QA 검사 완료

[2026-07-05 14:34:42] =========================================
[2026-07-05 14:34:42] 🔍 Jett's Insight 블로그 SEO QA 시작
[2026-07-05 14:34:42] =========================================
[2026-07-05 14:34:42] ✅ [SITEMAP] sitemap.xml 정상 접근 확인
[2026-07-05 14:34:42] ✅ [SITEMAP] 최신 포스트 발견: https://jett-1993.github.io/blog/trend/%EC%B4%88%EC%A7%80%EB%8A%A5-AI-%ED%95%B4%ED%82%B9-%EC%8B%9C%EB%8C%80-%EB%8B%B9%EC%8B%A0%EC%9D%98-%EB%8D%B0%EC%9D%B4%ED%84%B0%EB%8A%94-%EC%95%88%EC%A0%84%ED%95%9C%EA%B0%80-%EC%B1%97GPT%EA%B0%80-%EB%8D%98%EC%A7%84-%EC%98%88%EC%B8%A1%EB%B6%88%ED%97%88-%EC%82%AC%EC%9D%B4%EB%B2%84-%EC%A0%84%EC%9F%81-%EC%8B%9C%EB%82%98%EB%A6%AC%EC%98%A4/
[2026-07-05 14:34:42] ✅ [SEO_TITLE] 타이틀 존재: 초지능 AI 해킹 시대: 당신의 데이터, 과연 안전한가? 예측불허 사이버 전쟁의 현실적 위협과 생존 전략 | Jett’s Insight
[2026-07-05 14:34:42] ✅ [SEO_META] Meta Description 존재
[2026-07-05 14:34:42] ✅ [SEO_MOBILE] Viewport 설정 확인 (모바일 친화적)
[2026-07-05 14:34:42] ✅ [SEO_CONTENT] 본문 길이 양호 (4499자)
[2026-07-05 14:34:42] ✅ [SEO_HEADING] H2 태그 6개 확인
[2026-07-05 14:34:42] ✅ [SEO_IMAGE] 모든 이미지에 ALT 태그 적용 완료
[2026-07-05 14:34:42] ✅ QA 검사 완료

[2026-07-05 14:57:12] =========================================
[2026-07-05 14:57:12] 🔍 Jett's Insight 블로그 SEO QA 시작
[2026-07-05 14:57:12] =========================================
[2026-07-05 14:57:12] ✅ [SITEMAP] sitemap.xml 정상 접근 확인
[2026-07-05 14:57:12] ✅ [SITEMAP] 최신 포스트 발견: https://jett-1993.github.io/blog/trend/%EC%B4%88%EC%A7%80%EB%8A%A5-AI-%ED%95%B4%ED%82%B9-%EC%8B%9C%EB%8C%80-%EB%8B%B9%EC%8B%A0%EC%9D%98-%EB%8D%B0%EC%9D%B4%ED%84%B0%EB%8A%94-%EC%95%88%EC%A0%84%ED%95%9C%EA%B0%80-%EC%B1%97GPT%EA%B0%80-%EB%8D%98%EC%A7%84-%EC%98%88%EC%B8%A1%EB%B6%88%ED%97%88-%EC%82%AC%EC%9D%B4%EB%B2%84-%EC%A0%84%EC%9F%81-%EC%8B%9C%EB%82%98%EB%A6%AC%EC%98%A4/
[2026-07-05 14:57:12] ✅ [SEO_TITLE] 타이틀 존재: 초지능 AI 해킹 시대: 당신의 데이터, 과연 안전한가? 예측불허 사이버 전쟁의 현실적 위협과 생존 전략 | Jett’s Insight
[2026-07-05 14:57:12] ✅ [SEO_META] Meta Description 존재
[2026-07-05 14:57:12] ✅ [SEO_MOBILE] Viewport 설정 확인 (모바일 친화적)
[2026-07-05 14:57:12] ✅ [SEO_CONTENT] 본문 길이 양호 (4499자)
[2026-07-05 14:57:12] ✅ [SEO_HEADING] H2 태그 6개 확인
[2026-07-05 14:57:12] ✅ [SEO_IMAGE] 모든 이미지에 ALT 태그 적용 완료
[2026-07-05 14:57:12] ✅ QA 검사 완료

[2026-07-05 15:13:07] =========================================
[2026-07-05 15:13:07] 🔍 Jett's Insight 블로그 SEO QA 시작
[2026-07-05 15:13:07] =========================================
[2026-07-05 15:13:08] ✅ [SITEMAP] sitemap.xml 정상 접근 확인
[2026-07-05 15:13:08] ✅ [SITEMAP] 최신 포스트 발견: https://jett-1993.github.io/blog/trend/%EC%B4%88%EC%A7%80%EB%8A%A5-AI-%ED%95%B4%ED%82%B9-%EC%8B%9C%EB%8C%80-%EB%8B%B9%EC%8B%A0%EC%9D%98-%EB%8D%B0%EC%9D%B4%ED%84%B0%EB%8A%94-%EC%95%88%EC%A0%84%ED%95%9C%EA%B0%80-%EC%B1%97GPT%EA%B0%80-%EB%8D%98%EC%A7%84-%EC%98%88%EC%B8%A1%EB%B6%88%ED%97%88-%EC%82%AC%EC%9D%B4%EB%B2%84-%EC%A0%84%EC%9F%81-%EC%8B%9C%EB%82%98%EB%A6%AC%EC%98%A4/
[2026-07-05 15:13:08] ✅ [SEO_TITLE] 타이틀 존재: 초지능 AI 해킹 시대: 당신의 데이터, 과연 안전한가? 예측불허 사이버 전쟁의 현실적 위협과 생존 전략 | Jett’s Insight
[2026-07-05 15:13:08] ✅ [SEO_META] Meta Description 존재
[2026-07-05 15:13:08] ✅ [SEO_MOBILE] Viewport 설정 확인 (모바일 친화적)
[2026-07-05 15:13:08] ✅ [SEO_CONTENT] 본문 길이 양호 (4499자)
[2026-07-05 15:13:08] ✅ [SEO_HEADING] H2 태그 6개 확인
[2026-07-05 15:13:08] ✅ [SEO_IMAGE] 모든 이미지에 ALT 태그 적용 완료
[2026-07-05 15:13:08] ✅ QA 검사 완료

[2026-07-05 15:18:24] =========================================
[2026-07-05 15:18:24] 🔍 Jett's Insight 블로그 SEO QA 시작
[2026-07-05 15:18:24] =========================================
[2026-07-05 15:18:24] ✅ [SITEMAP] sitemap.xml 정상 접근 확인
[2026-07-05 15:18:24] ✅ [SITEMAP] 최신 포스트 발견: https://jett-1993.github.io/blog/trend/%EC%B4%88%EC%A7%80%EB%8A%A5-AI-%ED%95%B4%ED%82%B9-%EC%8B%9C%EB%8C%80-%EB%8B%B9%EC%8B%A0%EC%9D%98-%EB%8D%B0%EC%9D%B4%ED%84%B0%EB%8A%94-%EC%95%88%EC%A0%84%ED%95%9C%EA%B0%80-%EC%B1%97GPT%EA%B0%80-%EB%8D%98%EC%A7%84-%EC%98%88%EC%B8%A1%EB%B6%88%ED%97%88-%EC%82%AC%EC%9D%B4%EB%B2%84-%EC%A0%84%EC%9F%81-%EC%8B%9C%EB%82%98%EB%A6%AC%EC%98%A4/
[2026-07-05 15:18:24] ✅ [SEO_TITLE] 타이틀 존재: 초지능 AI 해킹 시대: 당신의 데이터, 과연 안전한가? 예측불허 사이버 전쟁의 현실적 위협과 생존 전략 | Jett’s Insight
[2026-07-05 15:18:24] ✅ [SEO_META] Meta Description 존재
[2026-07-05 15:18:24] ✅ [SEO_MOBILE] Viewport 설정 확인 (모바일 친화적)
[2026-07-05 15:18:24] ✅ [SEO_CONTENT] 본문 길이 양호 (4499자)
[2026-07-05 15:18:24] ✅ [SEO_HEADING] H2 태그 6개 확인
[2026-07-05 15:18:24] ✅ [SEO_IMAGE] 모든 이미지에 ALT 태그 적용 완료
[2026-07-05 15:18:24] ✅ QA 검사 완료

[2026-07-05 15:20:12] =========================================
[2026-07-05 15:20:12] 🔍 Jett's Insight 블로그 SEO QA 시작
[2026-07-05 15:20:12] =========================================
[2026-07-05 15:20:12] ✅ [SITEMAP] sitemap.xml 정상 접근 확인
[2026-07-05 15:20:12] ✅ [SITEMAP] 최신 포스트 발견: https://jett-1993.github.io/blog/trend/%EC%B4%88%EC%A7%80%EB%8A%A5-AI-%ED%95%B4%ED%82%B9-%EC%8B%9C%EB%8C%80-%EB%8B%B9%EC%8B%A0%EC%9D%98-%EB%8D%B0%EC%9D%B4%ED%84%B0%EB%8A%94-%EC%95%88%EC%A0%84%ED%95%9C%EA%B0%80-%EC%B1%97GPT%EA%B0%80-%EB%8D%98%EC%A7%84-%EC%98%88%EC%B8%A1%EB%B6%88%ED%97%88-%EC%82%AC%EC%9D%B4%EB%B2%84-%EC%A0%84%EC%9F%81-%EC%8B%9C%EB%82%98%EB%A6%AC%EC%98%A4/
[2026-07-05 15:20:12] ✅ [SEO_TITLE] 타이틀 존재: 초지능 AI 해킹 시대: 당신의 데이터, 과연 안전한가? 예측불허 사이버 전쟁의 현실적 위협과 생존 전략 | Jett’s Insight
[2026-07-05 15:20:12] ✅ [SEO_META] Meta Description 존재
[2026-07-05 15:20:12] ✅ [SEO_MOBILE] Viewport 설정 확인 (모바일 친화적)
[2026-07-05 15:20:12] ✅ [SEO_CONTENT] 본문 길이 양호 (4499자)
[2026-07-05 15:20:12] ✅ [SEO_HEADING] H2 태그 6개 확인
[2026-07-05 15:20:12] ✅ [SEO_IMAGE] 모든 이미지에 ALT 태그 적용 완료
[2026-07-05 15:20:12] ✅ QA 검사 완료

[2026-07-05 15:34:43] =========================================
[2026-07-05 15:34:43] 🔍 Jett's Insight 블로그 SEO QA 시작
[2026-07-05 15:34:43] =========================================
[2026-07-05 15:34:43] ✅ [SITEMAP] sitemap.xml 정상 접근 확인
[2026-07-05 15:34:43] ✅ [SITEMAP] 최신 포스트 발견: https://jett-1993.github.io/blog/trend/%EC%B4%88%EC%A7%80%EB%8A%A5-AI-%ED%95%B4%ED%82%B9-%EC%8B%9C%EB%8C%80-%EB%8B%B9%EC%8B%A0%EC%9D%98-%EB%8D%B0%EC%9D%B4%ED%84%B0%EB%8A%94-%EC%95%88%EC%A0%84%ED%95%9C%EA%B0%80-%EC%B1%97GPT%EA%B0%80-%EB%8D%98%EC%A7%84-%EC%98%88%EC%B8%A1%EB%B6%88%ED%97%88-%EC%82%AC%EC%9D%B4%EB%B2%84-%EC%A0%84%EC%9F%81-%EC%8B%9C%EB%82%98%EB%A6%AC%EC%98%A4/
[2026-07-05 15:34:43] ✅ [SEO_TITLE] 타이틀 존재: 초지능 AI 해킹 시대: 당신의 데이터, 과연 안전한가? 예측불허 사이버 전쟁의 현실적 위협과 생존 전략 | Jett’s Insight
[2026-07-05 15:34:43] ✅ [SEO_META] Meta Description 존재
[2026-07-05 15:34:43] ✅ [SEO_MOBILE] Viewport 설정 확인 (모바일 친화적)
[2026-07-05 15:34:43] ✅ [SEO_CONTENT] 본문 길이 양호 (4499자)
[2026-07-05 15:34:43] ✅ [SEO_HEADING] H2 태그 6개 확인
[2026-07-05 15:34:43] ✅ [SEO_IMAGE] 모든 이미지에 ALT 태그 적용 완료
[2026-07-05 15:34:43] ✅ QA 검사 완료

[2026-07-05 15:58:11] =========================================
[2026-07-05 15:58:11] 🔍 Jett's Insight 블로그 SEO QA 시작
[2026-07-05 15:58:11] =========================================
[2026-07-05 15:58:11] ✅ [SITEMAP] sitemap.xml 정상 접근 확인
[2026-07-05 15:58:11] ✅ [SITEMAP] 최신 포스트 발견: https://jett-1993.github.io/blog/trend/%EC%B4%88%EC%A7%80%EB%8A%A5-AI-%ED%95%B4%ED%82%B9-%EC%8B%9C%EB%8C%80-%EB%8B%B9%EC%8B%A0%EC%9D%98-%EB%8D%B0%EC%9D%B4%ED%84%B0%EB%8A%94-%EC%95%88%EC%A0%84%ED%95%9C%EA%B0%80-%EC%B1%97GPT%EA%B0%80-%EB%8D%98%EC%A7%84-%EC%98%88%EC%B8%A1%EB%B6%88%ED%97%88-%EC%82%AC%EC%9D%B4%EB%B2%84-%EC%A0%84%EC%9F%81-%EC%8B%9C%EB%82%98%EB%A6%AC%EC%98%A4/
[2026-07-05 15:58:11] ✅ [SEO_TITLE] 타이틀 존재: 초지능 AI 해킹 시대: 당신의 데이터, 과연 안전한가? 예측불허 사이버 전쟁의 현실적 위협과 생존 전략 | Jett’s Insight
[2026-07-05 15:58:11] ✅ [SEO_META] Meta Description 존재
[2026-07-05 15:58:11] ✅ [SEO_MOBILE] Viewport 설정 확인 (모바일 친화적)
[2026-07-05 15:58:11] ✅ [SEO_CONTENT] 본문 길이 양호 (4499자)
[2026-07-05 15:58:11] ✅ [SEO_HEADING] H2 태그 6개 확인
[2026-07-05 15:58:11] ✅ [SEO_IMAGE] 모든 이미지에 ALT 태그 적용 완료
[2026-07-05 15:58:11] ✅ QA 검사 완료

[2026-07-05 16:14:06] =========================================
[2026-07-05 16:14:06] 🔍 Jett's Insight 블로그 SEO QA 시작
[2026-07-05 16:14:06] =========================================
[2026-07-05 16:14:07] ✅ [SITEMAP] sitemap.xml 정상 접근 확인
[2026-07-05 16:14:07] ✅ [SITEMAP] 최신 포스트 발견: https://jett-1993.github.io/blog/trend/%EC%B4%88%EC%A7%80%EB%8A%A5-AI-%ED%95%B4%ED%82%B9-%EC%8B%9C%EB%8C%80-%EB%8B%B9%EC%8B%A0%EC%9D%98-%EB%8D%B0%EC%9D%B4%ED%84%B0%EB%8A%94-%EC%95%88%EC%A0%84%ED%95%9C%EA%B0%80-%EC%B1%97GPT%EA%B0%80-%EB%8D%98%EC%A7%84-%EC%98%88%EC%B8%A1%EB%B6%88%ED%97%88-%EC%82%AC%EC%9D%B4%EB%B2%84-%EC%A0%84%EC%9F%81-%EC%8B%9C%EB%82%98%EB%A6%AC%EC%98%A4/
[2026-07-05 16:14:07] ✅ [SEO_TITLE] 타이틀 존재: 초지능 AI 해킹 시대: 당신의 데이터, 과연 안전한가? 예측불허 사이버 전쟁의 현실적 위협과 생존 전략 | Jett’s Insight
[2026-07-05 16:14:07] ✅ [SEO_META] Meta Description 존재
[2026-07-05 16:14:07] ✅ [SEO_MOBILE] Viewport 설정 확인 (모바일 친화적)
[2026-07-05 16:14:07] ✅ [SEO_CONTENT] 본문 길이 양호 (4499자)
[2026-07-05 16:14:07] ✅ [SEO_HEADING] H2 태그 6개 확인
[2026-07-05 16:14:07] ✅ [SEO_IMAGE] 모든 이미지에 ALT 태그 적용 완료
[2026-07-05 16:14:07] ✅ QA 검사 완료

[2026-07-05 16:19:23] =========================================
[2026-07-05 16:19:23] 🔍 Jett's Insight 블로그 SEO QA 시작
[2026-07-05 16:19:23] =========================================
[2026-07-05 16:19:23] ✅ [SITEMAP] sitemap.xml 정상 접근 확인
[2026-07-05 16:19:23] ✅ [SITEMAP] 최신 포스트 발견: https://jett-1993.github.io/blog/trend/%EC%B4%88%EC%A7%80%EB%8A%A5-AI-%ED%95%B4%ED%82%B9-%EC%8B%9C%EB%8C%80-%EB%8B%B9%EC%8B%A0%EC%9D%98-%EB%8D%B0%EC%9D%B4%ED%84%B0%EB%8A%94-%EC%95%88%EC%A0%84%ED%95%9C%EA%B0%80-%EC%B1%97GPT%EA%B0%80-%EB%8D%98%EC%A7%84-%EC%98%88%EC%B8%A1%EB%B6%88%ED%97%88-%EC%82%AC%EC%9D%B4%EB%B2%84-%EC%A0%84%EC%9F%81-%EC%8B%9C%EB%82%98%EB%A6%AC%EC%98%A4/
[2026-07-05 16:19:23] ✅ [SEO_TITLE] 타이틀 존재: 초지능 AI 해킹 시대: 당신의 데이터, 과연 안전한가? 예측불허 사이버 전쟁의 현실적 위협과 생존 전략 | Jett’s Insight
[2026-07-05 16:19:23] ✅ [SEO_META] Meta Description 존재
[2026-07-05 16:19:23] ✅ [SEO_MOBILE] Viewport 설정 확인 (모바일 친화적)
[2026-07-05 16:19:23] ✅ [SEO_CONTENT] 본문 길이 양호 (4499자)
[2026-07-05 16:19:23] ✅ [SEO_HEADING] H2 태그 6개 확인
[2026-07-05 16:19:23] ✅ [SEO_IMAGE] 모든 이미지에 ALT 태그 적용 완료
[2026-07-05 16:19:23] ✅ QA 검사 완료

[2026-07-05 16:21:10] =========================================
[2026-07-05 16:21:10] 🔍 Jett's Insight 블로그 SEO QA 시작
[2026-07-05 16:21:10] =========================================
[2026-07-05 16:21:10] ✅ [SITEMAP] sitemap.xml 정상 접근 확인
[2026-07-05 16:21:10] ✅ [SITEMAP] 최신 포스트 발견: https://jett-1993.github.io/blog/trend/%EC%B4%88%EC%A7%80%EB%8A%A5-AI-%ED%95%B4%ED%82%B9-%EC%8B%9C%EB%8C%80-%EB%8B%B9%EC%8B%A0%EC%9D%98-%EB%8D%B0%EC%9D%B4%ED%84%B0%EB%8A%94-%EC%95%88%EC%A0%84%ED%95%9C%EA%B0%80-%EC%B1%97GPT%EA%B0%80-%EB%8D%98%EC%A7%84-%EC%98%88%EC%B8%A1%EB%B6%88%ED%97%88-%EC%82%AC%EC%9D%B4%EB%B2%84-%EC%A0%84%EC%9F%81-%EC%8B%9C%EB%82%98%EB%A6%AC%EC%98%A4/
[2026-07-05 16:21:10] ✅ [SEO_TITLE] 타이틀 존재: 초지능 AI 해킹 시대: 당신의 데이터, 과연 안전한가? 예측불허 사이버 전쟁의 현실적 위협과 생존 전략 | Jett’s Insight
[2026-07-05 16:21:10] ✅ [SEO_META] Meta Description 존재
[2026-07-05 16:21:10] ✅ [SEO_MOBILE] Viewport 설정 확인 (모바일 친화적)
[2026-07-05 16:21:10] ✅ [SEO_CONTENT] 본문 길이 양호 (4499자)
[2026-07-05 16:21:10] ✅ [SEO_HEADING] H2 태그 6개 확인
[2026-07-05 16:21:10] ✅ [SEO_IMAGE] 모든 이미지에 ALT 태그 적용 완료
[2026-07-05 16:21:10] ✅ QA 검사 완료

[2026-07-05 16:34:44] =========================================
[2026-07-05 16:34:44] 🔍 Jett's Insight 블로그 SEO QA 시작
[2026-07-05 16:34:44] =========================================
[2026-07-05 16:34:44] ✅ [SITEMAP] sitemap.xml 정상 접근 확인
[2026-07-05 16:34:44] ✅ [SITEMAP] 최신 포스트 발견: https://jett-1993.github.io/blog/trend/%EC%B4%88%EC%A7%80%EB%8A%A5-AI-%ED%95%B4%ED%82%B9-%EC%8B%9C%EB%8C%80-%EB%8B%B9%EC%8B%A0%EC%9D%98-%EB%8D%B0%EC%9D%B4%ED%84%B0%EB%8A%94-%EC%95%88%EC%A0%84%ED%95%9C%EA%B0%80-%EC%B1%97GPT%EA%B0%80-%EB%8D%98%EC%A7%84-%EC%98%88%EC%B8%A1%EB%B6%88%ED%97%88-%EC%82%AC%EC%9D%B4%EB%B2%84-%EC%A0%84%EC%9F%81-%EC%8B%9C%EB%82%98%EB%A6%AC%EC%98%A4/
[2026-07-05 16:34:44] ✅ [SEO_TITLE] 타이틀 존재: 초지능 AI 해킹 시대: 당신의 데이터, 과연 안전한가? 예측불허 사이버 전쟁의 현실적 위협과 생존 전략 | Jett’s Insight
[2026-07-05 16:34:44] ✅ [SEO_META] Meta Description 존재
[2026-07-05 16:34:44] ✅ [SEO_MOBILE] Viewport 설정 확인 (모바일 친화적)
[2026-07-05 16:34:44] ✅ [SEO_CONTENT] 본문 길이 양호 (4499자)
[2026-07-05 16:34:44] ✅ [SEO_HEADING] H2 태그 6개 확인
[2026-07-05 16:34:44] ✅ [SEO_IMAGE] 모든 이미지에 ALT 태그 적용 완료
[2026-07-05 16:34:44] ✅ QA 검사 완료

[2026-07-05 16:58:14] =========================================
[2026-07-05 16:58:14] 🔍 Jett's Insight 블로그 SEO QA 시작
[2026-07-05 16:58:14] =========================================
[2026-07-05 16:58:14] ✅ [SITEMAP] sitemap.xml 정상 접근 확인
[2026-07-05 16:58:14] ✅ [SITEMAP] 최신 포스트 발견: https://jett-1993.github.io/blog/trend/%EC%B4%88%EC%A7%80%EB%8A%A5-AI-%ED%95%B4%ED%82%B9-%EC%8B%9C%EB%8C%80-%EB%8B%B9%EC%8B%A0%EC%9D%98-%EB%8D%B0%EC%9D%B4%ED%84%B0%EB%8A%94-%EC%95%88%EC%A0%84%ED%95%9C%EA%B0%80-%EC%B1%97GPT%EA%B0%80-%EB%8D%98%EC%A7%84-%EC%98%88%EC%B8%A1%EB%B6%88%ED%97%88-%EC%82%AC%EC%9D%B4%EB%B2%84-%EC%A0%84%EC%9F%81-%EC%8B%9C%EB%82%98%EB%A6%AC%EC%98%A4/
[2026-07-05 16:58:14] ✅ [SEO_TITLE] 타이틀 존재: 초지능 AI 해킹 시대: 당신의 데이터, 과연 안전한가? 예측불허 사이버 전쟁의 현실적 위협과 생존 전략 | Jett’s Insight
[2026-07-05 16:58:14] ✅ [SEO_META] Meta Description 존재
[2026-07-05 16:58:14] ✅ [SEO_MOBILE] Viewport 설정 확인 (모바일 친화적)
[2026-07-05 16:58:14] ✅ [SEO_CONTENT] 본문 길이 양호 (4499자)
[2026-07-05 16:58:14] ✅ [SEO_HEADING] H2 태그 6개 확인
[2026-07-05 16:58:14] ✅ [SEO_IMAGE] 모든 이미지에 ALT 태그 적용 완료
[2026-07-05 16:58:14] ✅ QA 검사 완료

[2026-07-05 17:14:09] =========================================
[2026-07-05 17:14:09] 🔍 Jett's Insight 블로그 SEO QA 시작
[2026-07-05 17:14:09] =========================================
[2026-07-05 17:14:10] ✅ [SITEMAP] sitemap.xml 정상 접근 확인
[2026-07-05 17:14:10] ✅ [SITEMAP] 최신 포스트 발견: https://jett-1993.github.io/blog/trend/%EC%B4%88%EC%A7%80%EB%8A%A5-AI-%ED%95%B4%ED%82%B9-%EC%8B%9C%EB%8C%80-%EB%8B%B9%EC%8B%A0%EC%9D%98-%EB%8D%B0%EC%9D%B4%ED%84%B0%EB%8A%94-%EC%95%88%EC%A0%84%ED%95%9C%EA%B0%80-%EC%B1%97GPT%EA%B0%80-%EB%8D%98%EC%A7%84-%EC%98%88%EC%B8%A1%EB%B6%88%ED%97%88-%EC%82%AC%EC%9D%B4%EB%B2%84-%EC%A0%84%EC%9F%81-%EC%8B%9C%EB%82%98%EB%A6%AC%EC%98%A4/
[2026-07-05 17:14:10] ✅ [SEO_TITLE] 타이틀 존재: 초지능 AI 해킹 시대: 당신의 데이터, 과연 안전한가? 예측불허 사이버 전쟁의 현실적 위협과 생존 전략 | Jett’s Insight
[2026-07-05 17:14:10] ✅ [SEO_META] Meta Description 존재
[2026-07-05 17:14:10] ✅ [SEO_MOBILE] Viewport 설정 확인 (모바일 친화적)
[2026-07-05 17:14:10] ✅ [SEO_CONTENT] 본문 길이 양호 (4499자)
[2026-07-05 17:14:10] ✅ [SEO_HEADING] H2 태그 6개 확인
[2026-07-05 17:14:10] ✅ [SEO_IMAGE] 모든 이미지에 ALT 태그 적용 완료
[2026-07-05 17:14:10] ✅ QA 검사 완료

[2026-07-05 17:19:25] =========================================
[2026-07-05 17:19:25] 🔍 Jett's Insight 블로그 SEO QA 시작
[2026-07-05 17:19:25] =========================================
[2026-07-05 17:19:25] ✅ [SITEMAP] sitemap.xml 정상 접근 확인
[2026-07-05 17:19:25] ✅ [SITEMAP] 최신 포스트 발견: https://jett-1993.github.io/blog/trend/%EC%B4%88%EC%A7%80%EB%8A%A5-AI-%ED%95%B4%ED%82%B9-%EC%8B%9C%EB%8C%80-%EB%8B%B9%EC%8B%A0%EC%9D%98-%EB%8D%B0%EC%9D%B4%ED%84%B0%EB%8A%94-%EC%95%88%EC%A0%84%ED%95%9C%EA%B0%80-%EC%B1%97GPT%EA%B0%80-%EB%8D%98%EC%A7%84-%EC%98%88%EC%B8%A1%EB%B6%88%ED%97%88-%EC%82%AC%EC%9D%B4%EB%B2%84-%EC%A0%84%EC%9F%81-%EC%8B%9C%EB%82%98%EB%A6%AC%EC%98%A4/
[2026-07-05 17:19:25] ✅ [SEO_TITLE] 타이틀 존재: 초지능 AI 해킹 시대: 당신의 데이터, 과연 안전한가? 예측불허 사이버 전쟁의 현실적 위협과 생존 전략 | Jett’s Insight
[2026-07-05 17:19:25] ✅ [SEO_META] Meta Description 존재
[2026-07-05 17:19:25] ✅ [SEO_MOBILE] Viewport 설정 확인 (모바일 친화적)
[2026-07-05 17:19:25] ✅ [SEO_CONTENT] 본문 길이 양호 (4499자)
[2026-07-05 17:19:25] ✅ [SEO_HEADING] H2 태그 6개 확인
[2026-07-05 17:19:25] ✅ [SEO_IMAGE] 모든 이미지에 ALT 태그 적용 완료
[2026-07-05 17:19:25] ✅ QA 검사 완료

[2026-07-05 17:21:13] =========================================
[2026-07-05 17:21:13] 🔍 Jett's Insight 블로그 SEO QA 시작
[2026-07-05 17:21:13] =========================================
[2026-07-05 17:21:13] ✅ [SITEMAP] sitemap.xml 정상 접근 확인
[2026-07-05 17:21:13] ✅ [SITEMAP] 최신 포스트 발견: https://jett-1993.github.io/blog/trend/%EC%B4%88%EC%A7%80%EB%8A%A5-AI-%ED%95%B4%ED%82%B9-%EC%8B%9C%EB%8C%80-%EB%8B%B9%EC%8B%A0%EC%9D%98-%EB%8D%B0%EC%9D%B4%ED%84%B0%EB%8A%94-%EC%95%88%EC%A0%84%ED%95%9C%EA%B0%80-%EC%B1%97GPT%EA%B0%80-%EB%8D%98%EC%A7%84-%EC%98%88%EC%B8%A1%EB%B6%88%ED%97%88-%EC%82%AC%EC%9D%B4%EB%B2%84-%EC%A0%84%EC%9F%81-%EC%8B%9C%EB%82%98%EB%A6%AC%EC%98%A4/
[2026-07-05 17:21:13] ✅ [SEO_TITLE] 타이틀 존재: 초지능 AI 해킹 시대: 당신의 데이터, 과연 안전한가? 예측불허 사이버 전쟁의 현실적 위협과 생존 전략 | Jett’s Insight
[2026-07-05 17:21:13] ✅ [SEO_META] Meta Description 존재
[2026-07-05 17:21:13] ✅ [SEO_MOBILE] Viewport 설정 확인 (모바일 친화적)
[2026-07-05 17:21:13] ✅ [SEO_CONTENT] 본문 길이 양호 (4499자)
[2026-07-05 17:21:13] ✅ [SEO_HEADING] H2 태그 6개 확인
[2026-07-05 17:21:13] ✅ [SEO_IMAGE] 모든 이미지에 ALT 태그 적용 완료
[2026-07-05 17:21:13] ✅ QA 검사 완료

[2026-07-05 17:34:45] =========================================
[2026-07-05 17:34:45] 🔍 Jett's Insight 블로그 SEO QA 시작
[2026-07-05 17:34:45] =========================================
[2026-07-05 17:34:45] ✅ [SITEMAP] sitemap.xml 정상 접근 확인
[2026-07-05 17:34:45] ✅ [SITEMAP] 최신 포스트 발견: https://jett-1993.github.io/blog/trend/%EC%B4%88%EC%A7%80%EB%8A%A5-AI-%ED%95%B4%ED%82%B9-%EC%8B%9C%EB%8C%80-%EB%8B%B9%EC%8B%A0%EC%9D%98-%EB%8D%B0%EC%9D%B4%ED%84%B0%EB%8A%94-%EC%95%88%EC%A0%84%ED%95%9C%EA%B0%80-%EC%B1%97GPT%EA%B0%80-%EB%8D%98%EC%A7%84-%EC%98%88%EC%B8%A1%EB%B6%88%ED%97%88-%EC%82%AC%EC%9D%B4%EB%B2%84-%EC%A0%84%EC%9F%81-%EC%8B%9C%EB%82%98%EB%A6%AC%EC%98%A4/
[2026-07-05 17:34:45] ✅ [SEO_TITLE] 타이틀 존재: 초지능 AI 해킹 시대: 당신의 데이터, 과연 안전한가? 예측불허 사이버 전쟁의 현실적 위협과 생존 전략 | Jett’s Insight
[2026-07-05 17:34:45] ✅ [SEO_META] Meta Description 존재
[2026-07-05 17:34:45] ✅ [SEO_MOBILE] Viewport 설정 확인 (모바일 친화적)
[2026-07-05 17:34:45] ✅ [SEO_CONTENT] 본문 길이 양호 (4499자)
[2026-07-05 17:34:45] ✅ [SEO_HEADING] H2 태그 6개 확인
[2026-07-05 17:34:45] ✅ [SEO_IMAGE] 모든 이미지에 ALT 태그 적용 완료
[2026-07-05 17:34:45] ✅ QA 검사 완료

[2026-07-05 17:58:15] =========================================
[2026-07-05 17:58:15] 🔍 Jett's Insight 블로그 SEO QA 시작
[2026-07-05 17:58:15] =========================================
[2026-07-05 17:58:15] ✅ [SITEMAP] sitemap.xml 정상 접근 확인
[2026-07-05 17:58:15] ✅ [SITEMAP] 최신 포스트 발견: https://jett-1993.github.io/blog/trend/%EC%B4%88%EC%A7%80%EB%8A%A5-AI-%ED%95%B4%ED%82%B9-%EC%8B%9C%EB%8C%80-%EB%8B%B9%EC%8B%A0%EC%9D%98-%EB%8D%B0%EC%9D%B4%ED%84%B0%EB%8A%94-%EC%95%88%EC%A0%84%ED%95%9C%EA%B0%80-%EC%B1%97GPT%EA%B0%80-%EB%8D%98%EC%A7%84-%EC%98%88%EC%B8%A1%EB%B6%88%ED%97%88-%EC%82%AC%EC%9D%B4%EB%B2%84-%EC%A0%84%EC%9F%81-%EC%8B%9C%EB%82%98%EB%A6%AC%EC%98%A4/
[2026-07-05 17:58:15] ✅ [SEO_TITLE] 타이틀 존재: 초지능 AI 해킹 시대: 당신의 데이터, 과연 안전한가? 예측불허 사이버 전쟁의 현실적 위협과 생존 전략 | Jett’s Insight
[2026-07-05 17:58:15] ✅ [SEO_META] Meta Description 존재
[2026-07-05 17:58:15] ✅ [SEO_MOBILE] Viewport 설정 확인 (모바일 친화적)
[2026-07-05 17:58:15] ✅ [SEO_CONTENT] 본문 길이 양호 (4499자)
[2026-07-05 17:58:15] ✅ [SEO_HEADING] H2 태그 6개 확인
[2026-07-05 17:58:15] ✅ [SEO_IMAGE] 모든 이미지에 ALT 태그 적용 완료
[2026-07-05 17:58:15] ✅ QA 검사 완료

[2026-07-05 18:14:10] =========================================
[2026-07-05 18:14:10] 🔍 Jett's Insight 블로그 SEO QA 시작
[2026-07-05 18:14:10] =========================================
[2026-07-05 18:14:11] ✅ [SITEMAP] sitemap.xml 정상 접근 확인
[2026-07-05 18:14:11] ✅ [SITEMAP] 최신 포스트 발견: https://jett-1993.github.io/blog/trend/%EC%B4%88%EC%A7%80%EB%8A%A5-AI-%ED%95%B4%ED%82%B9-%EC%8B%9C%EB%8C%80-%EB%8B%B9%EC%8B%A0%EC%9D%98-%EB%8D%B0%EC%9D%B4%ED%84%B0%EB%8A%94-%EC%95%88%EC%A0%84%ED%95%9C%EA%B0%80-%EC%B1%97GPT%EA%B0%80-%EB%8D%98%EC%A7%84-%EC%98%88%EC%B8%A1%EB%B6%88%ED%97%88-%EC%82%AC%EC%9D%B4%EB%B2%84-%EC%A0%84%EC%9F%81-%EC%8B%9C%EB%82%98%EB%A6%AC%EC%98%A4/
[2026-07-05 18:14:11] ✅ [SEO_TITLE] 타이틀 존재: 초지능 AI 해킹 시대: 당신의 데이터, 과연 안전한가? 예측불허 사이버 전쟁의 현실적 위협과 생존 전략 | Jett’s Insight
[2026-07-05 18:14:11] ✅ [SEO_META] Meta Description 존재
[2026-07-05 18:14:11] ✅ [SEO_MOBILE] Viewport 설정 확인 (모바일 친화적)
[2026-07-05 18:14:11] ✅ [SEO_CONTENT] 본문 길이 양호 (4499자)
[2026-07-05 18:14:11] ✅ [SEO_HEADING] H2 태그 6개 확인
[2026-07-05 18:14:11] ✅ [SEO_IMAGE] 모든 이미지에 ALT 태그 적용 완료
[2026-07-05 18:14:11] ✅ QA 검사 완료

[2026-07-05 18:19:26] =========================================
[2026-07-05 18:19:26] 🔍 Jett's Insight 블로그 SEO QA 시작
[2026-07-05 18:19:26] =========================================
[2026-07-05 18:19:26] ✅ [SITEMAP] sitemap.xml 정상 접근 확인
[2026-07-05 18:19:26] ✅ [SITEMAP] 최신 포스트 발견: https://jett-1993.github.io/blog/trend/%EC%B4%88%EC%A7%80%EB%8A%A5-AI-%ED%95%B4%ED%82%B9-%EC%8B%9C%EB%8C%80-%EB%8B%B9%EC%8B%A0%EC%9D%98-%EB%8D%B0%EC%9D%B4%ED%84%B0%EB%8A%94-%EC%95%88%EC%A0%84%ED%95%9C%EA%B0%80-%EC%B1%97GPT%EA%B0%80-%EB%8D%98%EC%A7%84-%EC%98%88%EC%B8%A1%EB%B6%88%ED%97%88-%EC%82%AC%EC%9D%B4%EB%B2%84-%EC%A0%84%EC%9F%81-%EC%8B%9C%EB%82%98%EB%A6%AC%EC%98%A4/
[2026-07-05 18:19:26] ✅ [SEO_TITLE] 타이틀 존재: 초지능 AI 해킹 시대: 당신의 데이터, 과연 안전한가? 예측불허 사이버 전쟁의 현실적 위협과 생존 전략 | Jett’s Insight
[2026-07-05 18:19:26] ✅ [SEO_META] Meta Description 존재
[2026-07-05 18:19:26] ✅ [SEO_MOBILE] Viewport 설정 확인 (모바일 친화적)
[2026-07-05 18:19:26] ✅ [SEO_CONTENT] 본문 길이 양호 (4499자)
[2026-07-05 18:19:26] ✅ [SEO_HEADING] H2 태그 6개 확인
[2026-07-05 18:19:26] ✅ [SEO_IMAGE] 모든 이미지에 ALT 태그 적용 완료
[2026-07-05 18:19:26] ✅ QA 검사 완료

[2026-07-05 18:21:13] =========================================
[2026-07-05 18:21:13] 🔍 Jett's Insight 블로그 SEO QA 시작
[2026-07-05 18:21:13] =========================================
[2026-07-05 18:21:13] ✅ [SITEMAP] sitemap.xml 정상 접근 확인
[2026-07-05 18:21:13] ✅ [SITEMAP] 최신 포스트 발견: https://jett-1993.github.io/blog/trend/%EC%B4%88%EC%A7%80%EB%8A%A5-AI-%ED%95%B4%ED%82%B9-%EC%8B%9C%EB%8C%80-%EB%8B%B9%EC%8B%A0%EC%9D%98-%EB%8D%B0%EC%9D%B4%ED%84%B0%EB%8A%94-%EC%95%88%EC%A0%84%ED%95%9C%EA%B0%80-%EC%B1%97GPT%EA%B0%80-%EB%8D%98%EC%A7%84-%EC%98%88%EC%B8%A1%EB%B6%88%ED%97%88-%EC%82%AC%EC%9D%B4%EB%B2%84-%EC%A0%84%EC%9F%81-%EC%8B%9C%EB%82%98%EB%A6%AC%EC%98%A4/
[2026-07-05 18:21:13] ✅ [SEO_TITLE] 타이틀 존재: 초지능 AI 해킹 시대: 당신의 데이터, 과연 안전한가? 예측불허 사이버 전쟁의 현실적 위협과 생존 전략 | Jett’s Insight
[2026-07-05 18:21:13] ✅ [SEO_META] Meta Description 존재
[2026-07-05 18:21:13] ✅ [SEO_MOBILE] Viewport 설정 확인 (모바일 친화적)
[2026-07-05 18:21:13] ✅ [SEO_CONTENT] 본문 길이 양호 (4499자)
[2026-07-05 18:21:13] ✅ [SEO_HEADING] H2 태그 6개 확인
[2026-07-05 18:21:13] ✅ [SEO_IMAGE] 모든 이미지에 ALT 태그 적용 완료
[2026-07-05 18:21:13] ✅ QA 검사 완료

[2026-07-05 18:34:46] =========================================
[2026-07-05 18:34:46] 🔍 Jett's Insight 블로그 SEO QA 시작
[2026-07-05 18:34:46] =========================================
[2026-07-05 18:34:46] ✅ [SITEMAP] sitemap.xml 정상 접근 확인
[2026-07-05 18:34:46] ✅ [SITEMAP] 최신 포스트 발견: https://jett-1993.github.io/blog/trend/%EC%B4%88%EC%A7%80%EB%8A%A5-AI-%ED%95%B4%ED%82%B9-%EC%8B%9C%EB%8C%80-%EB%8B%B9%EC%8B%A0%EC%9D%98-%EB%8D%B0%EC%9D%B4%ED%84%B0%EB%8A%94-%EC%95%88%EC%A0%84%ED%95%9C%EA%B0%80-%EC%B1%97GPT%EA%B0%80-%EB%8D%98%EC%A7%84-%EC%98%88%EC%B8%A1%EB%B6%88%ED%97%88-%EC%82%AC%EC%9D%B4%EB%B2%84-%EC%A0%84%EC%9F%81-%EC%8B%9C%EB%82%98%EB%A6%AC%EC%98%A4/
[2026-07-05 18:34:46] ✅ [SEO_TITLE] 타이틀 존재: 초지능 AI 해킹 시대: 당신의 데이터, 과연 안전한가? 예측불허 사이버 전쟁의 현실적 위협과 생존 전략 | Jett’s Insight
[2026-07-05 18:34:46] ✅ [SEO_META] Meta Description 존재
[2026-07-05 18:34:46] ✅ [SEO_MOBILE] Viewport 설정 확인 (모바일 친화적)
[2026-07-05 18:34:46] ✅ [SEO_CONTENT] 본문 길이 양호 (4499자)
[2026-07-05 18:34:46] ✅ [SEO_HEADING] H2 태그 6개 확인
[2026-07-05 18:34:46] ✅ [SEO_IMAGE] 모든 이미지에 ALT 태그 적용 완료
[2026-07-05 18:34:46] ✅ QA 검사 완료

[2026-07-05 18:58:16] =========================================
[2026-07-05 18:58:16] 🔍 Jett's Insight 블로그 SEO QA 시작
[2026-07-05 18:58:16] =========================================
[2026-07-05 18:58:16] ✅ [SITEMAP] sitemap.xml 정상 접근 확인
[2026-07-05 18:58:16] ✅ [SITEMAP] 최신 포스트 발견: https://jett-1993.github.io/blog/trend/%EC%B4%88%EC%A7%80%EB%8A%A5-AI-%ED%95%B4%ED%82%B9-%EC%8B%9C%EB%8C%80-%EB%8B%B9%EC%8B%A0%EC%9D%98-%EB%8D%B0%EC%9D%B4%ED%84%B0%EB%8A%94-%EC%95%88%EC%A0%84%ED%95%9C%EA%B0%80-%EC%B1%97GPT%EA%B0%80-%EB%8D%98%EC%A7%84-%EC%98%88%EC%B8%A1%EB%B6%88%ED%97%88-%EC%82%AC%EC%9D%B4%EB%B2%84-%EC%A0%84%EC%9F%81-%EC%8B%9C%EB%82%98%EB%A6%AC%EC%98%A4/
[2026-07-05 18:58:16] ✅ [SEO_TITLE] 타이틀 존재: 초지능 AI 해킹 시대: 당신의 데이터, 과연 안전한가? 예측불허 사이버 전쟁의 현실적 위협과 생존 전략 | Jett’s Insight
[2026-07-05 18:58:16] ✅ [SEO_META] Meta Description 존재
[2026-07-05 18:58:16] ✅ [SEO_MOBILE] Viewport 설정 확인 (모바일 친화적)
[2026-07-05 18:58:16] ✅ [SEO_CONTENT] 본문 길이 양호 (4499자)
[2026-07-05 18:58:16] ✅ [SEO_HEADING] H2 태그 6개 확인
[2026-07-05 18:58:16] ✅ [SEO_IMAGE] 모든 이미지에 ALT 태그 적용 완료
[2026-07-05 18:58:16] ✅ QA 검사 완료

